2025-08-03T01:27:50.735Z INFO [worker-5]  Worker started
2025-08-03T01:27:58.781Z INFO [worker-5]  Processing batch of 5 URLs
2025-08-03T01:27:58.782Z INFO [worker-5] [http://darkfailenbsdla5mal2mxn2uz66od5vtzd5qozslagrfzachha3f3id.onion/tor] Starting crawl
2025-08-03T01:28:05.733Z ERROR [worker-5] [http://darkfailenbsdla5mal2mxn2uz66od5vtzd5qozslagrfzachha3f3id.onion/tor] Crawl failed ERROR: Socks5 proxy rejected connection - ConnectionRefused
2025-08-03T01:28:06.388Z INFO [worker-5] [http://darkfailenbsdla5mal2mxn2uz66od5vtzd5qozslagrfzachha3f3id.onion/tlc] Starting crawl
2025-08-03T01:28:18.455Z ERROR [worker-5] [http://darkfailenbsdla5mal2mxn2uz66od5vtzd5qozslagrfzachha3f3id.onion/tlc] Crawl failed ERROR: Socks5 proxy rejected connection - ConnectionRefused
2025-08-03T01:28:19.535Z INFO [worker-5] [http://darkfailenbsdla5mal2mxn2uz66od5vtzd5qozslagrfzachha3f3id.onion/bbc] Starting crawl
2025-08-03T01:31:09.302Z INFO [worker-5]  Worker started
2025-08-03T01:33:02.361Z INFO [worker-5]  Worker shutdown complete
2025-08-03T01:35:23.602Z INFO [worker-5]  Worker started
2025-08-03T01:35:23.627Z ERROR [worker-5]  Worker batch error ERROR: FOR UPDATE cannot be applied to the nullable side of an outer join
2025-08-03T01:35:27.630Z ERROR [worker-5]  Worker batch error ERROR: FOR UPDATE cannot be applied to the nullable side of an outer join
2025-08-03T01:35:31.632Z ERROR [worker-5]  Worker batch error ERROR: FOR UPDATE cannot be applied to the nullable side of an outer join
2025-08-03T01:35:35.634Z ERROR [worker-5]  Worker batch error ERROR: FOR UPDATE cannot be applied to the nullable side of an outer join
2025-08-03T01:35:39.635Z ERROR [worker-5]  Worker batch error ERROR: FOR UPDATE cannot be applied to the nullable side of an outer join
2025-08-03T01:35:43.636Z ERROR [worker-5]  Worker batch error ERROR: FOR UPDATE cannot be applied to the nullable side of an outer join
2025-08-03T01:35:47.638Z ERROR [worker-5]  Worker batch error ERROR: FOR UPDATE cannot be applied to the nullable side of an outer join
2025-08-03T01:35:51.647Z ERROR [worker-5]  Worker batch error ERROR: FOR UPDATE cannot be applied to the nullable side of an outer join
2025-08-03T01:35:55.648Z ERROR [worker-5]  Worker batch error ERROR: FOR UPDATE cannot be applied to the nullable side of an outer join
2025-08-03T01:35:59.651Z ERROR [worker-5]  Worker batch error ERROR: FOR UPDATE cannot be applied to the nullable side of an outer join
2025-08-03T01:36:03.659Z ERROR [worker-5]  Worker batch error ERROR: FOR UPDATE cannot be applied to the nullable side of an outer join
2025-08-03T01:36:07.662Z ERROR [worker-5]  Worker batch error ERROR: FOR UPDATE cannot be applied to the nullable side of an outer join
2025-08-03T01:36:11.664Z ERROR [worker-5]  Worker batch error ERROR: FOR UPDATE cannot be applied to the nullable side of an outer join
2025-08-03T01:36:15.667Z ERROR [worker-5]  Worker batch error ERROR: FOR UPDATE cannot be applied to the nullable side of an outer join
2025-08-03T01:36:19.670Z ERROR [worker-5]  Worker batch error ERROR: FOR UPDATE cannot be applied to the nullable side of an outer join
2025-08-03T01:36:23.674Z ERROR [worker-5]  Worker batch error ERROR: FOR UPDATE cannot be applied to the nullable side of an outer join
2025-08-03T01:36:27.678Z ERROR [worker-5]  Worker batch error ERROR: FOR UPDATE cannot be applied to the nullable side of an outer join
2025-08-03T01:36:31.681Z ERROR [worker-5]  Worker batch error ERROR: FOR UPDATE cannot be applied to the nullable side of an outer join
2025-08-03T01:36:35.684Z ERROR [worker-5]  Worker batch error ERROR: FOR UPDATE cannot be applied to the nullable side of an outer join
2025-08-03T01:36:39.687Z ERROR [worker-5]  Worker batch error ERROR: FOR UPDATE cannot be applied to the nullable side of an outer join
2025-08-03T01:36:43.692Z ERROR [worker-5]  Worker batch error ERROR: FOR UPDATE cannot be applied to the nullable side of an outer join
2025-08-03T01:36:47.696Z ERROR [worker-5]  Worker batch error ERROR: FOR UPDATE cannot be applied to the nullable side of an outer join
2025-08-03T01:36:51.704Z ERROR [worker-5]  Worker batch error ERROR: FOR UPDATE cannot be applied to the nullable side of an outer join
2025-08-03T01:37:13.250Z INFO [worker-5]  Worker started
2025-08-03T01:39:32.631Z INFO [worker-5]  Worker started
2025-08-03T01:44:29.064Z INFO [worker-5]  Worker started
2025-08-03T01:46:12.824Z INFO [worker-5]  Worker started
2025-08-03T01:49:17.240Z INFO [worker-5]  Worker started
2025-08-03T01:51:39.310Z INFO [worker-5]  Worker started
2025-08-03T01:53:49.023Z INFO [worker-5]  Worker started
2025-08-03T01:55:19.307Z INFO [worker-5]  Worker started
2025-08-03T01:57:37.867Z INFO [worker-5]  Worker started
2025-08-03T02:00:12.972Z INFO [worker-5]  Worker started
2025-08-03T02:00:17.000Z INFO [worker-5]  Processing batch of 3 URLs
2025-08-03T02:00:17.020Z INFO [worker-5] [http://darkfailenbsdla5mal2mxn2uz66od5vtzd5qozslagrfzachha3f3id.onion/ddosecrets] Domain darkfailenbsdla5mal2mxn2uz66od5vtzd5qozslagrfzachha3f3id.onion locked by another worker, skipping
2025-08-03T02:00:17.024Z INFO [worker-5] [http://darkfailenbsdla5mal2mxn2uz66od5vtzd5qozslagrfzachha3f3id.onion/local-monero] Domain darkfailenbsdla5mal2mxn2uz66od5vtzd5qozslagrfzachha3f3id.onion locked by another worker, skipping
2025-08-03T02:00:17.025Z INFO [worker-5] [http://darkfailenbsdla5mal2mxn2uz66od5vtzd5qozslagrfzachha3f3id.onion/the-intercept] Domain darkfailenbsdla5mal2mxn2uz66od5vtzd5qozslagrfzachha3f3id.onion locked by another worker, skipping
2025-08-03T02:01:23.202Z INFO [worker-5]  Processing batch of 1 URLs
2025-08-03T02:01:23.206Z INFO [worker-5] [http://darkfailenbsdla5mal2mxn2uz66od5vtzd5qozslagrfzachha3f3id.onion/captcha/propublica] 🔒 Acquired lock for domain: darkfailenbsdla5mal2mxn2uz66od5vtzd5qozslagrfzachha3f3id.onion
2025-08-03T02:01:23.207Z ERROR [worker-5] [http://darkfailenbsdla5mal2mxn2uz66od5vtzd5qozslagrfzachha3f3id.onion/captcha/propublica] ❌ Crawl failed for domain: darkfailenbsdla5mal2mxn2uz66od5vtzd5qozslagrfzachha3f3id.onion ERROR: inconsistent types deduced for parameter $2
2025-08-03T02:01:23.211Z ERROR [worker-5]  Worker batch error ERROR: inconsistent types deduced for parameter $2
2025-08-03T02:04:08.561Z INFO [worker-5]  Worker started
2025-08-03T02:13:23.109Z INFO [worker-5]  Worker shutdown complete
2025-08-03T02:13:25.627Z INFO [worker-5]  Worker started
2025-08-03T02:13:51.425Z INFO [worker-5]  Worker shutdown complete
2025-08-03T02:13:54.092Z INFO [worker-5]  Worker started
2025-08-03T02:13:56.600Z INFO [worker-5]  Worker shutdown complete
2025-08-03T02:13:59.014Z INFO [worker-5]  Worker started
2025-08-03T02:27:39.434Z INFO [worker-5]  Worker started
2025-08-03T02:28:22.030Z INFO [worker-5]  Worker shutdown complete
2025-08-03T02:29:13.082Z INFO [worker-5]  Worker started
2025-08-03T02:29:20.709Z INFO [worker-5]  Worker shutdown complete
2025-08-03T02:30:09.699Z INFO [worker-5]  Worker started
2025-08-03T02:34:27.617Z INFO [worker-5]  Worker started
2025-08-03T02:36:23.354Z INFO [worker-5]  Worker shutdown complete
2025-08-03T02:38:26.906Z INFO [worker-5]  Worker started
2025-08-03T02:40:43.049Z INFO [worker-5]  Worker shutdown complete
2025-08-03T02:43:51.136Z INFO [worker-5]  Worker started
2025-08-03T02:44:08.521Z INFO [worker-5]  Worker shutdown complete
2025-08-03T02:44:22.819Z INFO [worker-5]  Worker started
2025-08-03T02:45:14.000Z INFO [worker-5]  Worker shutdown complete
2025-08-03T02:46:17.873Z INFO [worker-5]  Worker started
2025-08-03T02:46:17.885Z ERROR [worker-5]  Worker batch error ERROR: FOR UPDATE cannot be applied to the nullable side of an outer join
2025-08-03T02:46:21.889Z ERROR [worker-5]  Worker batch error ERROR: FOR UPDATE cannot be applied to the nullable side of an outer join
2025-08-03T02:46:25.892Z ERROR [worker-5]  Worker batch error ERROR: FOR UPDATE cannot be applied to the nullable side of an outer join
2025-08-03T02:46:29.897Z ERROR [worker-5]  Worker batch error ERROR: FOR UPDATE cannot be applied to the nullable side of an outer join
2025-08-03T02:46:33.901Z ERROR [worker-5]  Worker batch error ERROR: FOR UPDATE cannot be applied to the nullable side of an outer join
2025-08-03T02:46:37.905Z ERROR [worker-5]  Worker batch error ERROR: FOR UPDATE cannot be applied to the nullable side of an outer join
2025-08-03T02:46:41.911Z ERROR [worker-5]  Worker batch error ERROR: FOR UPDATE cannot be applied to the nullable side of an outer join
2025-08-03T02:46:45.914Z ERROR [worker-5]  Worker batch error ERROR: FOR UPDATE cannot be applied to the nullable side of an outer join
2025-08-03T02:46:49.918Z ERROR [worker-5]  Worker batch error ERROR: FOR UPDATE cannot be applied to the nullable side of an outer join
2025-08-03T02:46:53.921Z ERROR [worker-5]  Worker batch error ERROR: FOR UPDATE cannot be applied to the nullable side of an outer join
2025-08-03T02:46:57.936Z ERROR [worker-5]  Worker batch error ERROR: FOR UPDATE cannot be applied to the nullable side of an outer join
2025-08-03T02:47:01.944Z ERROR [worker-5]  Worker batch error ERROR: FOR UPDATE cannot be applied to the nullable side of an outer join
2025-08-03T02:47:05.945Z ERROR [worker-5]  Worker batch error ERROR: FOR UPDATE cannot be applied to the nullable side of an outer join
2025-08-03T02:47:09.948Z ERROR [worker-5]  Worker batch error ERROR: FOR UPDATE cannot be applied to the nullable side of an outer join
2025-08-03T02:47:13.950Z ERROR [worker-5]  Worker batch error ERROR: FOR UPDATE cannot be applied to the nullable side of an outer join
2025-08-03T02:47:17.951Z ERROR [worker-5]  Worker batch error ERROR: FOR UPDATE cannot be applied to the nullable side of an outer join
2025-08-03T02:47:21.953Z ERROR [worker-5]  Worker batch error ERROR: FOR UPDATE cannot be applied to the nullable side of an outer join
2025-08-03T02:47:25.955Z ERROR [worker-5]  Worker batch error ERROR: FOR UPDATE cannot be applied to the nullable side of an outer join
2025-08-03T02:47:29.960Z ERROR [worker-5]  Worker batch error ERROR: FOR UPDATE cannot be applied to the nullable side of an outer join
2025-08-03T02:47:33.963Z ERROR [worker-5]  Worker batch error ERROR: FOR UPDATE cannot be applied to the nullable side of an outer join
2025-08-03T02:47:37.967Z ERROR [worker-5]  Worker batch error ERROR: FOR UPDATE cannot be applied to the nullable side of an outer join
2025-08-03T02:47:41.972Z ERROR [worker-5]  Worker batch error ERROR: FOR UPDATE cannot be applied to the nullable side of an outer join
2025-08-03T02:47:45.976Z ERROR [worker-5]  Worker batch error ERROR: FOR UPDATE cannot be applied to the nullable side of an outer join
2025-08-03T02:47:48.984Z INFO [worker-5]  Worker shutdown complete
2025-08-03T02:47:50.765Z INFO [worker-5]  Worker started
2025-08-03T02:49:44.871Z INFO [worker-5]  Worker shutdown complete
2025-08-03T02:51:09.743Z INFO [worker-5]  Worker started
2025-08-03T03:23:31.818Z INFO [worker-5]  Worker shutdown complete
2025-08-03T03:23:35.311Z INFO [worker-5]  Worker started
2025-08-03T03:24:10.082Z INFO [worker-5]  Worker started
2025-08-03T03:24:10.174Z INFO [worker-5]  Worker shutdown complete
2025-08-03T03:53:45.499Z INFO [worker-5]  Worker shutdown complete
2025-08-04T15:56:18.533Z INFO [worker-5]  Worker started
2025-08-04T16:20:11.191Z INFO [worker-5]  Worker shutdown complete
2025-08-04T16:20:38.457Z INFO [worker-5]  Worker started
2025-08-04T17:10:12.393Z INFO [worker-5]  Worker started
2025-08-04T17:10:13.241Z INFO [worker-5]  Worker shutdown complete
2025-08-04T18:12:00.614Z INFO [worker-5]  Worker shutdown complete
2025-08-04T18:12:08.568Z INFO [worker-5]  Worker started
2025-08-05T01:16:57.181Z INFO [worker-5]  Worker shutdown complete
2025-08-05T01:17:04.538Z INFO [worker-5]  Worker started
2025-08-05T22:51:31.476Z INFO [worker-5]  Worker started
2025-08-05T23:29:57.743Z INFO [worker-5]  Worker started
2025-08-06T14:00:53.418Z INFO [worker-5]  Worker shutdown complete
2025-08-06T14:01:38.614Z INFO [worker-5]  Worker started
2025-08-06T14:07:47.261Z INFO [worker-5]  Worker started
2025-08-06T14:09:31.720Z INFO [worker-5]  Worker started
2025-08-06T14:11:56.000Z INFO [worker-5]  Worker shutdown complete
2025-08-06T14:11:57.776Z INFO [worker-5]  Worker started
2025-08-06T15:14:22.066Z INFO [worker-5]  Worker started
2025-08-06T15:15:54.586Z INFO [worker-5]  Worker started
2025-08-06T15:18:14.389Z INFO [worker-5]  Worker shutdown complete
2025-08-06T15:19:20.415Z INFO [worker-5]  Worker started
2025-08-06T15:29:35.733Z INFO [worker-5]  Worker started
2025-08-06T15:31:27.511Z INFO [worker-5]  Worker shutdown complete
2025-08-06T15:34:15.109Z INFO [worker-5]  Worker started
2025-08-06T15:34:15.162Z ERROR [worker-5]  Worker batch error ERROR: column "domain_crawl_count" does not exist
2025-08-06T15:34:32.889Z INFO [worker-5]  Worker started
2025-08-06T15:35:17.509Z INFO [worker-5]  Worker started
2025-08-06T15:37:09.924Z INFO [worker-5]  Worker started
2025-08-06T15:38:13.987Z INFO [worker-5]  Worker started
2025-08-06T15:38:35.628Z INFO [worker-5]  Worker started
2025-08-06T16:02:24.510Z INFO [worker-5]  Worker shutdown complete
2025-08-06T16:02:29.914Z INFO [worker-5]  Worker started
2025-08-06T16:15:44.617Z INFO [worker-5]  Worker shutdown complete
2025-08-06T16:15:48.442Z INFO [worker-5]  Worker started
2025-08-18T17:15:38.005Z INFO [worker-5]  Worker started
2025-08-18T17:38:33.744Z ERROR [worker-5]  Worker batch error ERROR: could not write to file "base/pgsql_tmp/pgsql_tmp24948.481": No space left on device
