2025-08-03T01:27:50.735Z INFO [worker-7]  Worker started
2025-08-03T01:27:58.793Z INFO [worker-7]  Processing batch of 5 URLs
2025-08-03T01:27:58.793Z INFO [worker-7] [http://darkfailenbsdla5mal2mxn2uz66od5vtzd5qozslagrfzachha3f3id.onion/duckduckgo] Starting crawl
2025-08-03T01:28:05.986Z ERROR [worker-7] [http://darkfailenbsdla5mal2mxn2uz66od5vtzd5qozslagrfzachha3f3id.onion/duckduckgo] Crawl failed ERROR: Socks5 proxy rejected connection - Failure
2025-08-03T01:28:06.924Z INFO [worker-7] [http://darkfailenbsdla5mal2mxn2uz66od5vtzd5qozslagrfzachha3f3id.onion/fbi-ncide] Starting crawl
2025-08-03T01:28:42.404Z ERROR [worker-7] [http://darkfailenbsdla5mal2mxn2uz66od5vtzd5qozslagrfzachha3f3id.onion/fbi-ncide] Crawl failed ERROR: Proxy connection timed out
2025-08-03T01:28:43.903Z INFO [worker-7] [http://darkfailenbsdla5mal2mxn2uz66od5vtzd5qozslagrfzachha3f3id.onion/exploit-in] Starting crawl
2025-08-03T01:31:09.303Z INFO [worker-7]  Worker started
2025-08-03T01:33:02.361Z INFO [worker-7]  Worker shutdown complete
2025-08-03T01:35:23.602Z INFO [worker-7]  Worker started
2025-08-03T01:35:23.632Z ERROR [worker-7]  Worker batch error ERROR: FOR UPDATE cannot be applied to the nullable side of an outer join
2025-08-03T01:35:27.635Z ERROR [worker-7]  Worker batch error ERROR: FOR UPDATE cannot be applied to the nullable side of an outer join
2025-08-03T01:35:31.636Z ERROR [worker-7]  Worker batch error ERROR: FOR UPDATE cannot be applied to the nullable side of an outer join
2025-08-03T01:35:35.637Z ERROR [worker-7]  Worker batch error ERROR: FOR UPDATE cannot be applied to the nullable side of an outer join
2025-08-03T01:35:39.639Z ERROR [worker-7]  Worker batch error ERROR: FOR UPDATE cannot be applied to the nullable side of an outer join
2025-08-03T01:35:43.642Z ERROR [worker-7]  Worker batch error ERROR: FOR UPDATE cannot be applied to the nullable side of an outer join
2025-08-03T01:35:47.644Z ERROR [worker-7]  Worker batch error ERROR: FOR UPDATE cannot be applied to the nullable side of an outer join
2025-08-03T01:35:51.649Z ERROR [worker-7]  Worker batch error ERROR: FOR UPDATE cannot be applied to the nullable side of an outer join
2025-08-03T01:35:55.651Z ERROR [worker-7]  Worker batch error ERROR: FOR UPDATE cannot be applied to the nullable side of an outer join
2025-08-03T01:35:59.652Z ERROR [worker-7]  Worker batch error ERROR: FOR UPDATE cannot be applied to the nullable side of an outer join
2025-08-03T01:36:03.659Z ERROR [worker-7]  Worker batch error ERROR: FOR UPDATE cannot be applied to the nullable side of an outer join
2025-08-03T01:36:07.662Z ERROR [worker-7]  Worker batch error ERROR: FOR UPDATE cannot be applied to the nullable side of an outer join
2025-08-03T01:36:11.665Z ERROR [worker-7]  Worker batch error ERROR: FOR UPDATE cannot be applied to the nullable side of an outer join
2025-08-03T01:36:15.670Z ERROR [worker-7]  Worker batch error ERROR: FOR UPDATE cannot be applied to the nullable side of an outer join
2025-08-03T01:36:19.672Z ERROR [worker-7]  Worker batch error ERROR: FOR UPDATE cannot be applied to the nullable side of an outer join
2025-08-03T01:36:23.676Z ERROR [worker-7]  Worker batch error ERROR: FOR UPDATE cannot be applied to the nullable side of an outer join
2025-08-03T01:36:27.685Z ERROR [worker-7]  Worker batch error ERROR: FOR UPDATE cannot be applied to the nullable side of an outer join
2025-08-03T01:36:31.692Z ERROR [worker-7]  Worker batch error ERROR: FOR UPDATE cannot be applied to the nullable side of an outer join
2025-08-03T01:36:35.693Z ERROR [worker-7]  Worker batch error ERROR: FOR UPDATE cannot be applied to the nullable side of an outer join
2025-08-03T01:36:39.695Z ERROR [worker-7]  Worker batch error ERROR: FOR UPDATE cannot be applied to the nullable side of an outer join
2025-08-03T01:36:43.697Z ERROR [worker-7]  Worker batch error ERROR: FOR UPDATE cannot be applied to the nullable side of an outer join
2025-08-03T01:36:47.699Z ERROR [worker-7]  Worker batch error ERROR: FOR UPDATE cannot be applied to the nullable side of an outer join
2025-08-03T01:36:51.703Z ERROR [worker-7]  Worker batch error ERROR: FOR UPDATE cannot be applied to the nullable side of an outer join
2025-08-03T01:37:13.250Z INFO [worker-7]  Worker started
2025-08-03T01:39:32.632Z INFO [worker-7]  Worker started
2025-08-03T01:43:31.104Z INFO [worker-7]  Processing batch of 1 URLs
2025-08-03T01:43:31.132Z INFO [worker-7] [http://darkfailenbsdla5mal2mxn2uz66od5vtzd5qozslagrfzachha3f3id.onion/exploit-in] Domain darkfailenbsdla5mal2mxn2uz66od5vtzd5qozslagrfzachha3f3id.onion locked by another worker, skipping
2025-08-03T01:44:29.065Z INFO [worker-7]  Worker started
2025-08-03T01:46:12.824Z INFO [worker-7]  Worker started
2025-08-03T01:49:17.241Z INFO [worker-7]  Worker started
2025-08-03T01:51:39.311Z INFO [worker-7]  Worker started
2025-08-03T01:53:49.024Z INFO [worker-7]  Worker started
2025-08-03T01:55:19.308Z INFO [worker-7]  Worker started
2025-08-03T01:57:37.868Z INFO [worker-7]  Worker started
2025-08-03T02:00:12.973Z INFO [worker-7]  Worker started
2025-08-03T02:00:17.000Z INFO [worker-7]  Processing batch of 3 URLs
2025-08-03T02:00:17.003Z INFO [worker-7] [http://darkfailenbsdla5mal2mxn2uz66od5vtzd5qozslagrfzachha3f3id.onion/keybase] 🔒 Acquired lock for domain: darkfailenbsdla5mal2mxn2uz66od5vtzd5qozslagrfzachha3f3id.onion
2025-08-03T02:00:17.021Z INFO [worker-7]  Processing batch of 3 URLs
2025-08-03T02:00:17.023Z ERROR [worker-7] [http://darkfailenbsdla5mal2mxn2uz66od5vtzd5qozslagrfzachha3f3id.onion/keybase] ❌ Crawl failed for domain: darkfailenbsdla5mal2mxn2uz66od5vtzd5qozslagrfzachha3f3id.onion ERROR: inconsistent types deduced for parameter $2
2025-08-03T02:00:17.024Z INFO [worker-7] [http://darkfailenbsdla5mal2mxn2uz66od5vtzd5qozslagrfzachha3f3id.onion/cia] 🔒 Acquired lock for domain: darkfailenbsdla5mal2mxn2uz66od5vtzd5qozslagrfzachha3f3id.onion
2025-08-03T02:00:17.025Z INFO [worker-7] [http://darkfailenbsdla5mal2mxn2uz66od5vtzd5qozslagrfzachha3f3id.onion/cia] Starting crawl
2025-08-03T02:00:17.027Z ERROR [worker-7]  Worker batch error ERROR: inconsistent types deduced for parameter $2
2025-08-03T02:00:18.124Z INFO [worker-7] [http://darkfailenbsdla5mal2mxn2uz66od5vtzd5qozslagrfzachha3f3id.onion/cia] Added 2 new URLs to queue
2025-08-03T02:00:18.125Z INFO [worker-7] [http://darkfailenbsdla5mal2mxn2uz66od5vtzd5qozslagrfzachha3f3id.onion/cia] Crawl completed
2025-08-03T02:00:18.126Z INFO [worker-7] [http://darkfailenbsdla5mal2mxn2uz66od5vtzd5qozslagrfzachha3f3id.onion/cia] ✅ Successfully crawled domain: darkfailenbsdla5mal2mxn2uz66od5vtzd5qozslagrfzachha3f3id.onion
2025-08-03T02:00:18.128Z INFO [worker-7]  🔓 Released lock for domain: darkfailenbsdla5mal2mxn2uz66od5vtzd5qozslagrfzachha3f3id.onion
2025-08-03T02:00:19.400Z INFO [worker-7] [http://darkfailenbsdla5mal2mxn2uz66od5vtzd5qozslagrfzachha3f3id.onion/dread] 🔒 Acquired lock for domain: darkfailenbsdla5mal2mxn2uz66od5vtzd5qozslagrfzachha3f3id.onion
2025-08-03T02:00:19.402Z INFO [worker-7] [http://darkfailenbsdla5mal2mxn2uz66od5vtzd5qozslagrfzachha3f3id.onion/dread] Starting crawl
2025-08-03T02:00:21.017Z INFO [worker-7] [http://darkfailenbsdla5mal2mxn2uz66od5vtzd5qozslagrfzachha3f3id.onion/dread] Added 2 new URLs to queue
2025-08-03T02:00:21.017Z INFO [worker-7] [http://darkfailenbsdla5mal2mxn2uz66od5vtzd5qozslagrfzachha3f3id.onion/dread] Crawl completed
2025-08-03T02:00:21.018Z INFO [worker-7] [http://darkfailenbsdla5mal2mxn2uz66od5vtzd5qozslagrfzachha3f3id.onion/dread] ✅ Successfully crawled domain: darkfailenbsdla5mal2mxn2uz66od5vtzd5qozslagrfzachha3f3id.onion
2025-08-03T02:00:21.020Z INFO [worker-7]  🔓 Released lock for domain: darkfailenbsdla5mal2mxn2uz66od5vtzd5qozslagrfzachha3f3id.onion
2025-08-03T02:04:08.561Z INFO [worker-7]  Worker started
2025-08-03T02:13:23.109Z INFO [worker-7]  Worker shutdown complete
2025-08-03T02:13:25.628Z INFO [worker-7]  Worker started
2025-08-03T02:13:51.425Z INFO [worker-7]  Worker shutdown complete
2025-08-03T02:13:54.093Z INFO [worker-7]  Worker started
2025-08-03T02:13:56.600Z INFO [worker-7]  Worker shutdown complete
2025-08-03T02:13:59.015Z INFO [worker-7]  Worker started
2025-08-03T02:27:39.434Z INFO [worker-7]  Worker started
2025-08-03T02:28:22.031Z INFO [worker-7]  Worker shutdown complete
2025-08-03T02:29:13.082Z INFO [worker-7]  Worker started
2025-08-03T02:29:20.710Z INFO [worker-7]  Worker shutdown complete
2025-08-03T02:30:09.700Z INFO [worker-7]  Worker started
2025-08-03T02:34:27.618Z INFO [worker-7]  Worker started
2025-08-03T02:36:23.355Z INFO [worker-7]  Worker shutdown complete
2025-08-03T02:38:26.906Z INFO [worker-7]  Worker started
2025-08-03T02:40:43.049Z INFO [worker-7]  Worker shutdown complete
2025-08-03T02:43:51.136Z INFO [worker-7]  Worker started
2025-08-03T02:44:08.522Z INFO [worker-7]  Worker shutdown complete
2025-08-03T02:44:22.820Z INFO [worker-7]  Worker started
2025-08-03T02:45:14.000Z INFO [worker-7]  Worker shutdown complete
2025-08-03T02:46:17.873Z INFO [worker-7]  Worker started
2025-08-03T02:46:17.906Z ERROR [worker-7]  Worker batch error ERROR: FOR UPDATE cannot be applied to the nullable side of an outer join
2025-08-03T02:46:21.908Z ERROR [worker-7]  Worker batch error ERROR: FOR UPDATE cannot be applied to the nullable side of an outer join
2025-08-03T02:46:25.908Z ERROR [worker-7]  Worker batch error ERROR: FOR UPDATE cannot be applied to the nullable side of an outer join
2025-08-03T02:46:29.912Z ERROR [worker-7]  Worker batch error ERROR: FOR UPDATE cannot be applied to the nullable side of an outer join
2025-08-03T02:46:33.915Z ERROR [worker-7]  Worker batch error ERROR: FOR UPDATE cannot be applied to the nullable side of an outer join
2025-08-03T02:46:37.918Z ERROR [worker-7]  Worker batch error ERROR: FOR UPDATE cannot be applied to the nullable side of an outer join
2025-08-03T02:46:41.921Z ERROR [worker-7]  Worker batch error ERROR: FOR UPDATE cannot be applied to the nullable side of an outer join
2025-08-03T02:46:45.930Z ERROR [worker-7]  Worker batch error ERROR: FOR UPDATE cannot be applied to the nullable side of an outer join
2025-08-03T02:46:49.933Z ERROR [worker-7]  Worker batch error ERROR: FOR UPDATE cannot be applied to the nullable side of an outer join
2025-08-03T02:46:53.933Z ERROR [worker-7]  Worker batch error ERROR: FOR UPDATE cannot be applied to the nullable side of an outer join
2025-08-03T02:46:57.937Z ERROR [worker-7]  Worker batch error ERROR: FOR UPDATE cannot be applied to the nullable side of an outer join
2025-08-03T02:47:01.945Z ERROR [worker-7]  Worker batch error ERROR: FOR UPDATE cannot be applied to the nullable side of an outer join
2025-08-03T02:47:05.948Z ERROR [worker-7]  Worker batch error ERROR: FOR UPDATE cannot be applied to the nullable side of an outer join
2025-08-03T02:47:09.950Z ERROR [worker-7]  Worker batch error ERROR: FOR UPDATE cannot be applied to the nullable side of an outer join
2025-08-03T02:47:13.952Z ERROR [worker-7]  Worker batch error ERROR: FOR UPDATE cannot be applied to the nullable side of an outer join
2025-08-03T02:47:17.954Z ERROR [worker-7]  Worker batch error ERROR: FOR UPDATE cannot be applied to the nullable side of an outer join
2025-08-03T02:47:21.956Z ERROR [worker-7]  Worker batch error ERROR: FOR UPDATE cannot be applied to the nullable side of an outer join
2025-08-03T02:47:25.958Z ERROR [worker-7]  Worker batch error ERROR: FOR UPDATE cannot be applied to the nullable side of an outer join
2025-08-03T02:47:29.960Z ERROR [worker-7]  Worker batch error ERROR: FOR UPDATE cannot be applied to the nullable side of an outer join
2025-08-03T02:47:33.964Z ERROR [worker-7]  Worker batch error ERROR: FOR UPDATE cannot be applied to the nullable side of an outer join
2025-08-03T02:47:37.969Z ERROR [worker-7]  Worker batch error ERROR: FOR UPDATE cannot be applied to the nullable side of an outer join
2025-08-03T02:47:41.973Z ERROR [worker-7]  Worker batch error ERROR: FOR UPDATE cannot be applied to the nullable side of an outer join
2025-08-03T02:47:45.977Z ERROR [worker-7]  Worker batch error ERROR: FOR UPDATE cannot be applied to the nullable side of an outer join
2025-08-03T02:47:48.984Z INFO [worker-7]  Worker shutdown complete
2025-08-03T02:47:50.765Z INFO [worker-7]  Worker started
2025-08-03T02:49:44.871Z INFO [worker-7]  Worker shutdown complete
2025-08-03T02:51:09.743Z INFO [worker-7]  Worker started
2025-08-03T03:23:31.818Z INFO [worker-7]  Worker shutdown complete
2025-08-03T03:23:35.312Z INFO [worker-7]  Worker started
2025-08-03T03:24:10.083Z INFO [worker-7]  Worker started
2025-08-03T03:24:10.180Z INFO [worker-7]  Worker shutdown complete
2025-08-03T03:53:45.499Z INFO [worker-7]  Worker shutdown complete
2025-08-04T15:56:18.534Z INFO [worker-7]  Worker started
2025-08-04T16:20:11.191Z INFO [worker-7]  Worker shutdown complete
2025-08-04T16:20:38.458Z INFO [worker-7]  Worker started
2025-08-04T17:10:12.394Z INFO [worker-7]  Worker started
2025-08-04T17:10:13.241Z INFO [worker-7]  Worker shutdown complete
2025-08-04T18:12:00.614Z INFO [worker-7]  Worker shutdown complete
2025-08-04T18:12:08.569Z INFO [worker-7]  Worker started
2025-08-05T01:16:57.181Z INFO [worker-7]  Worker shutdown complete
2025-08-05T01:17:04.539Z INFO [worker-7]  Worker started
2025-08-05T22:51:31.477Z INFO [worker-7]  Worker started
2025-08-05T23:29:57.744Z INFO [worker-7]  Worker started
2025-08-06T14:00:53.418Z INFO [worker-7]  Worker shutdown complete
2025-08-06T14:01:38.615Z INFO [worker-7]  Worker started
2025-08-06T14:07:47.262Z INFO [worker-7]  Worker started
2025-08-06T14:09:31.720Z INFO [worker-7]  Worker started
2025-08-06T14:11:56.001Z INFO [worker-7]  Worker shutdown complete
2025-08-06T14:11:57.776Z INFO [worker-7]  Worker started
2025-08-06T15:14:22.067Z INFO [worker-7]  Worker started
2025-08-06T15:15:54.587Z INFO [worker-7]  Worker started
2025-08-06T15:18:14.389Z INFO [worker-7]  Worker shutdown complete
2025-08-06T15:19:20.415Z INFO [worker-7]  Worker started
2025-08-06T15:29:35.734Z INFO [worker-7]  Worker started
2025-08-06T15:31:27.512Z INFO [worker-7]  Worker shutdown complete
2025-08-06T15:34:15.109Z INFO [worker-7]  Worker started
2025-08-06T15:34:15.164Z ERROR [worker-7]  Worker batch error ERROR: column "domain_crawl_count" does not exist
2025-08-06T15:34:32.890Z INFO [worker-7]  Worker started
2025-08-06T15:35:17.509Z INFO [worker-7]  Worker started
2025-08-06T15:37:09.924Z INFO [worker-7]  Worker started
2025-08-06T15:38:13.988Z INFO [worker-7]  Worker started
2025-08-06T15:38:35.629Z INFO [worker-7]  Worker started
2025-08-06T16:02:24.510Z INFO [worker-7]  Worker shutdown complete
2025-08-06T16:02:29.915Z INFO [worker-7]  Worker started
2025-08-06T16:15:44.617Z INFO [worker-7]  Worker shutdown complete
2025-08-06T16:15:48.442Z INFO [worker-7]  Worker started
2025-08-18T17:15:38.006Z INFO [worker-7]  Worker started
2025-08-18T17:27:06.020Z ERROR [worker-7]  Worker batch error ERROR: could not write to file "base/pgsql_tmp/pgsql_tmp24950.234": No space left on device
2025-08-18T17:38:33.638Z ERROR [worker-7]  Worker batch error ERROR: could not write to file "base/pgsql_tmp/pgsql_tmp24950.463": No space left on device
2025-08-18T23:54:47.913Z INFO [worker-7]  Worker shutdown complete
