2025-08-03T01:27:50.736Z INFO [worker-10]  Worker started
2025-08-03T01:27:58.793Z INFO [worker-10]  Processing batch of 2 URLs
2025-08-03T01:27:58.794Z INFO [worker-10] [http://darkfailenbsdla5mal2mxn2uz66od5vtzd5qozslagrfzachha3f3id.onion/the-intercept] Starting crawl
2025-08-03T01:28:05.979Z ERROR [worker-10] [http://darkfailenbsdla5mal2mxn2uz66od5vtzd5qozslagrfzachha3f3id.onion/the-intercept] Crawl failed ERROR: Socks5 proxy rejected connection - Failure
2025-08-03T01:28:07.023Z INFO [worker-10] [http://darkfailenbsdla5mal2mxn2uz66od5vtzd5qozslagrfzachha3f3id.onion/the-pirate-bay] Starting crawl
2025-08-03T01:28:42.405Z ERROR [worker-10] [http://darkfailenbsdla5mal2mxn2uz66od5vtzd5qozslagrfzachha3f3id.onion/the-pirate-bay] Crawl failed ERROR: Proxy connection timed out
2025-08-03T01:31:09.304Z INFO [worker-10]  Worker started
2025-08-03T01:33:02.361Z INFO [worker-10]  Worker shutdown complete
2025-08-03T01:35:23.604Z INFO [worker-10]  Worker started
2025-08-03T01:35:23.633Z ERROR [worker-10]  Worker batch error ERROR: FOR UPDATE cannot be applied to the nullable side of an outer join
2025-08-03T01:35:27.637Z ERROR [worker-10]  Worker batch error ERROR: FOR UPDATE cannot be applied to the nullable side of an outer join
2025-08-03T01:35:31.639Z ERROR [worker-10]  Worker batch error ERROR: FOR UPDATE cannot be applied to the nullable side of an outer join
2025-08-03T01:35:35.641Z ERROR [worker-10]  Worker batch error ERROR: FOR UPDATE cannot be applied to the nullable side of an outer join
2025-08-03T01:35:39.641Z ERROR [worker-10]  Worker batch error ERROR: FOR UPDATE cannot be applied to the nullable side of an outer join
2025-08-03T01:35:43.643Z ERROR [worker-10]  Worker batch error ERROR: FOR UPDATE cannot be applied to the nullable side of an outer join
2025-08-03T01:35:47.645Z ERROR [worker-10]  Worker batch error ERROR: FOR UPDATE cannot be applied to the nullable side of an outer join
2025-08-03T01:35:51.650Z ERROR [worker-10]  Worker batch error ERROR: FOR UPDATE cannot be applied to the nullable side of an outer join
2025-08-03T01:35:55.653Z ERROR [worker-10]  Worker batch error ERROR: FOR UPDATE cannot be applied to the nullable side of an outer join
2025-08-03T01:35:59.655Z ERROR [worker-10]  Worker batch error ERROR: FOR UPDATE cannot be applied to the nullable side of an outer join
2025-08-03T01:36:03.661Z ERROR [worker-10]  Worker batch error ERROR: FOR UPDATE cannot be applied to the nullable side of an outer join
2025-08-03T01:36:07.663Z ERROR [worker-10]  Worker batch error ERROR: FOR UPDATE cannot be applied to the nullable side of an outer join
2025-08-03T01:36:11.665Z ERROR [worker-10]  Worker batch error ERROR: FOR UPDATE cannot be applied to the nullable side of an outer join
2025-08-03T01:36:15.669Z ERROR [worker-10]  Worker batch error ERROR: FOR UPDATE cannot be applied to the nullable side of an outer join
2025-08-03T01:36:19.672Z ERROR [worker-10]  Worker batch error ERROR: FOR UPDATE cannot be applied to the nullable side of an outer join
2025-08-03T01:36:23.676Z ERROR [worker-10]  Worker batch error ERROR: FOR UPDATE cannot be applied to the nullable side of an outer join
2025-08-03T01:36:27.683Z ERROR [worker-10]  Worker batch error ERROR: FOR UPDATE cannot be applied to the nullable side of an outer join
2025-08-03T01:36:31.687Z ERROR [worker-10]  Worker batch error ERROR: FOR UPDATE cannot be applied to the nullable side of an outer join
2025-08-03T01:36:35.689Z ERROR [worker-10]  Worker batch error ERROR: FOR UPDATE cannot be applied to the nullable side of an outer join
2025-08-03T01:36:39.689Z ERROR [worker-10]  Worker batch error ERROR: FOR UPDATE cannot be applied to the nullable side of an outer join
2025-08-03T01:36:43.693Z ERROR [worker-10]  Worker batch error ERROR: FOR UPDATE cannot be applied to the nullable side of an outer join
2025-08-03T01:36:47.697Z ERROR [worker-10]  Worker batch error ERROR: FOR UPDATE cannot be applied to the nullable side of an outer join
2025-08-03T01:36:51.702Z ERROR [worker-10]  Worker batch error ERROR: FOR UPDATE cannot be applied to the nullable side of an outer join
2025-08-03T01:37:13.251Z INFO [worker-10]  Worker started
2025-08-03T01:39:32.633Z INFO [worker-10]  Worker started
2025-08-03T01:43:31.099Z INFO [worker-10]  Processing batch of 3 URLs
2025-08-03T01:43:31.134Z INFO [worker-10] [http://darkfailenbsdla5mal2mxn2uz66od5vtzd5qozslagrfzachha3f3id.onion/df] Domain darkfailenbsdla5mal2mxn2uz66od5vtzd5qozslagrfzachha3f3id.onion locked by another worker, skipping
2025-08-03T01:43:31.139Z INFO [worker-10] [http://darkfailenbsdla5mal2mxn2uz66od5vtzd5qozslagrfzachha3f3id.onion/endchan] Domain darkfailenbsdla5mal2mxn2uz66od5vtzd5qozslagrfzachha3f3id.onion locked by another worker, skipping
2025-08-03T01:43:31.141Z INFO [worker-10] [http://darkfailenbsdla5mal2mxn2uz66od5vtzd5qozslagrfzachha3f3id.onion/bbc] Domain darkfailenbsdla5mal2mxn2uz66od5vtzd5qozslagrfzachha3f3id.onion locked by another worker, skipping
2025-08-03T01:44:29.066Z INFO [worker-10]  Worker started
2025-08-03T01:46:12.826Z INFO [worker-10]  Worker started
2025-08-03T01:48:41.682Z INFO [worker-10]  Processing batch of 1 URLs
2025-08-03T01:48:41.687Z INFO [worker-10] [http://darkfailenbsdla5mal2mxn2uz66od5vtzd5qozslagrfzachha3f3id.onion/] 🔒 Acquired lock for domain: darkfailenbsdla5mal2mxn2uz66od5vtzd5qozslagrfzachha3f3id.onion
2025-08-03T01:48:41.694Z ERROR [worker-10] [http://darkfailenbsdla5mal2mxn2uz66od5vtzd5qozslagrfzachha3f3id.onion/] ❌ Crawl failed for domain: darkfailenbsdla5mal2mxn2uz66od5vtzd5qozslagrfzachha3f3id.onion ERROR: inconsistent types deduced for parameter $2
2025-08-03T01:48:41.698Z ERROR [worker-10]  Worker batch error ERROR: inconsistent types deduced for parameter $2
2025-08-03T01:49:17.242Z INFO [worker-10]  Worker started
2025-08-03T01:51:39.312Z INFO [worker-10]  Worker started
2025-08-03T01:53:49.025Z INFO [worker-10]  Worker started
2025-08-03T01:55:19.309Z INFO [worker-10]  Worker started
2025-08-03T01:55:49.421Z INFO [worker-10]  Processing batch of 1 URLs
2025-08-03T01:55:49.433Z INFO [worker-10] [http://darkfailenbsdla5mal2mxn2uz66od5vtzd5qozslagrfzachha3f3id.onion/] 🔒 Acquired lock for domain: darkfailenbsdla5mal2mxn2uz66od5vtzd5qozslagrfzachha3f3id.onion
2025-08-03T01:55:49.435Z ERROR [worker-10] [http://darkfailenbsdla5mal2mxn2uz66od5vtzd5qozslagrfzachha3f3id.onion/] ❌ Crawl failed for domain: darkfailenbsdla5mal2mxn2uz66od5vtzd5qozslagrfzachha3f3id.onion ERROR: inconsistent types deduced for parameter $2
2025-08-03T01:55:49.442Z ERROR [worker-10]  Worker batch error ERROR: inconsistent types deduced for parameter $2
2025-08-03T01:57:37.869Z INFO [worker-10]  Worker started
2025-08-03T02:00:12.974Z INFO [worker-10]  Worker started
2025-08-03T02:00:21.022Z INFO [worker-10]  Processing batch of 3 URLs
2025-08-03T02:00:21.026Z INFO [worker-10] [http://darkfailenbsdla5mal2mxn2uz66od5vtzd5qozslagrfzachha3f3id.onion/exploit-in] 🔒 Acquired lock for domain: darkfailenbsdla5mal2mxn2uz66od5vtzd5qozslagrfzachha3f3id.onion
2025-08-03T02:00:21.027Z INFO [worker-10] [http://darkfailenbsdla5mal2mxn2uz66od5vtzd5qozslagrfzachha3f3id.onion/exploit-in] Starting crawl
2025-08-03T02:00:22.187Z INFO [worker-10] [http://darkfailenbsdla5mal2mxn2uz66od5vtzd5qozslagrfzachha3f3id.onion/exploit-in] Added 2 new URLs to queue
2025-08-03T02:00:22.188Z INFO [worker-10] [http://darkfailenbsdla5mal2mxn2uz66od5vtzd5qozslagrfzachha3f3id.onion/exploit-in] Crawl completed
2025-08-03T02:00:22.188Z INFO [worker-10] [http://darkfailenbsdla5mal2mxn2uz66od5vtzd5qozslagrfzachha3f3id.onion/exploit-in] ✅ Successfully crawled domain: darkfailenbsdla5mal2mxn2uz66od5vtzd5qozslagrfzachha3f3id.onion
2025-08-03T02:00:22.190Z INFO [worker-10]  🔓 Released lock for domain: darkfailenbsdla5mal2mxn2uz66od5vtzd5qozslagrfzachha3f3id.onion
2025-08-03T02:04:08.562Z INFO [worker-10]  Worker started
2025-08-03T02:13:23.109Z INFO [worker-10]  Worker shutdown complete
2025-08-03T02:13:25.630Z INFO [worker-10]  Worker started
2025-08-03T02:13:51.425Z INFO [worker-10]  Worker shutdown complete
2025-08-03T02:13:54.094Z INFO [worker-10]  Worker started
2025-08-03T02:13:56.600Z INFO [worker-10]  Worker shutdown complete
2025-08-03T02:13:59.016Z INFO [worker-10]  Worker started
2025-08-03T02:27:39.436Z INFO [worker-10]  Worker started
2025-08-03T02:28:22.031Z INFO [worker-10]  Worker shutdown complete
2025-08-03T02:29:13.084Z INFO [worker-10]  Worker started
2025-08-03T02:29:20.710Z INFO [worker-10]  Worker shutdown complete
2025-08-03T02:30:09.701Z INFO [worker-10]  Worker started
2025-08-03T02:34:27.619Z INFO [worker-10]  Worker started
2025-08-03T02:36:23.355Z INFO [worker-10]  Worker shutdown complete
2025-08-03T02:38:26.908Z INFO [worker-10]  Worker started
2025-08-03T02:40:43.051Z INFO [worker-10]  Worker shutdown complete
2025-08-03T02:43:51.138Z INFO [worker-10]  Worker started
2025-08-03T02:44:08.522Z INFO [worker-10]  Worker shutdown complete
2025-08-03T02:44:22.822Z INFO [worker-10]  Worker started
2025-08-03T02:45:14.001Z INFO [worker-10]  Worker shutdown complete
2025-08-03T02:46:17.875Z INFO [worker-10]  Worker started
2025-08-03T02:46:17.912Z ERROR [worker-10]  Worker batch error ERROR: FOR UPDATE cannot be applied to the nullable side of an outer join
2025-08-03T02:46:21.913Z ERROR [worker-10]  Worker batch error ERROR: FOR UPDATE cannot be applied to the nullable side of an outer join
2025-08-03T02:46:25.915Z ERROR [worker-10]  Worker batch error ERROR: FOR UPDATE cannot be applied to the nullable side of an outer join
2025-08-03T02:46:29.917Z ERROR [worker-10]  Worker batch error ERROR: FOR UPDATE cannot be applied to the nullable side of an outer join
2025-08-03T02:46:33.919Z ERROR [worker-10]  Worker batch error ERROR: FOR UPDATE cannot be applied to the nullable side of an outer join
2025-08-03T02:46:37.920Z ERROR [worker-10]  Worker batch error ERROR: FOR UPDATE cannot be applied to the nullable side of an outer join
2025-08-03T02:46:41.922Z ERROR [worker-10]  Worker batch error ERROR: FOR UPDATE cannot be applied to the nullable side of an outer join
2025-08-03T02:46:45.929Z ERROR [worker-10]  Worker batch error ERROR: FOR UPDATE cannot be applied to the nullable side of an outer join
2025-08-03T02:46:49.931Z ERROR [worker-10]  Worker batch error ERROR: FOR UPDATE cannot be applied to the nullable side of an outer join
2025-08-03T02:46:53.933Z ERROR [worker-10]  Worker batch error ERROR: FOR UPDATE cannot be applied to the nullable side of an outer join
2025-08-03T02:46:57.936Z ERROR [worker-10]  Worker batch error ERROR: FOR UPDATE cannot be applied to the nullable side of an outer join
2025-08-03T02:47:01.939Z ERROR [worker-10]  Worker batch error ERROR: FOR UPDATE cannot be applied to the nullable side of an outer join
2025-08-03T02:47:05.941Z ERROR [worker-10]  Worker batch error ERROR: FOR UPDATE cannot be applied to the nullable side of an outer join
2025-08-03T02:47:09.942Z ERROR [worker-10]  Worker batch error ERROR: FOR UPDATE cannot be applied to the nullable side of an outer join
2025-08-03T02:47:13.944Z ERROR [worker-10]  Worker batch error ERROR: FOR UPDATE cannot be applied to the nullable side of an outer join
2025-08-03T02:47:17.947Z ERROR [worker-10]  Worker batch error ERROR: FOR UPDATE cannot be applied to the nullable side of an outer join
2025-08-03T02:47:21.950Z ERROR [worker-10]  Worker batch error ERROR: FOR UPDATE cannot be applied to the nullable side of an outer join
2025-08-03T02:47:25.953Z ERROR [worker-10]  Worker batch error ERROR: FOR UPDATE cannot be applied to the nullable side of an outer join
2025-08-03T02:47:29.959Z ERROR [worker-10]  Worker batch error ERROR: FOR UPDATE cannot be applied to the nullable side of an outer join
2025-08-03T02:47:33.964Z ERROR [worker-10]  Worker batch error ERROR: FOR UPDATE cannot be applied to the nullable side of an outer join
2025-08-03T02:47:37.968Z ERROR [worker-10]  Worker batch error ERROR: FOR UPDATE cannot be applied to the nullable side of an outer join
2025-08-03T02:47:41.972Z ERROR [worker-10]  Worker batch error ERROR: FOR UPDATE cannot be applied to the nullable side of an outer join
2025-08-03T02:47:45.976Z ERROR [worker-10]  Worker batch error ERROR: FOR UPDATE cannot be applied to the nullable side of an outer join
2025-08-03T02:47:48.984Z INFO [worker-10]  Worker shutdown complete
2025-08-03T02:47:50.767Z INFO [worker-10]  Worker started
2025-08-03T02:49:44.872Z INFO [worker-10]  Worker shutdown complete
2025-08-03T02:51:09.745Z INFO [worker-10]  Worker started
2025-08-03T03:23:31.818Z INFO [worker-10]  Worker shutdown complete
2025-08-03T03:23:35.314Z INFO [worker-10]  Worker started
2025-08-03T03:24:10.084Z INFO [worker-10]  Worker started
2025-08-03T03:24:10.182Z INFO [worker-10]  Worker shutdown complete
2025-08-03T03:53:45.499Z INFO [worker-10]  Worker shutdown complete
2025-08-04T15:56:18.536Z INFO [worker-10]  Worker started
2025-08-04T16:20:11.192Z INFO [worker-10]  Worker shutdown complete
2025-08-04T16:20:38.460Z INFO [worker-10]  Worker started
2025-08-04T17:10:12.395Z INFO [worker-10]  Worker started
2025-08-04T17:10:13.241Z INFO [worker-10]  Worker shutdown complete
2025-08-04T18:12:00.616Z INFO [worker-10]  Worker shutdown complete
2025-08-04T18:12:08.571Z INFO [worker-10]  Worker started
2025-08-05T01:16:57.181Z INFO [worker-10]  Worker shutdown complete
2025-08-05T01:17:04.540Z INFO [worker-10]  Worker started
2025-08-05T22:51:31.478Z INFO [worker-10]  Worker started
2025-08-05T23:29:57.745Z INFO [worker-10]  Worker started
2025-08-06T14:00:53.418Z INFO [worker-10]  Worker shutdown complete
2025-08-06T14:01:38.616Z INFO [worker-10]  Worker started
2025-08-06T14:07:47.264Z INFO [worker-10]  Worker started
2025-08-06T14:09:31.722Z INFO [worker-10]  Worker started
2025-08-06T14:11:56.001Z INFO [worker-10]  Worker shutdown complete
2025-08-06T14:11:57.778Z INFO [worker-10]  Worker started
2025-08-06T15:14:22.068Z INFO [worker-10]  Worker started
2025-08-06T15:15:54.589Z INFO [worker-10]  Worker started
2025-08-06T15:18:14.389Z INFO [worker-10]  Worker shutdown complete
2025-08-06T15:19:20.417Z INFO [worker-10]  Worker started
2025-08-06T15:29:35.735Z INFO [worker-10]  Worker started
2025-08-06T15:31:27.512Z INFO [worker-10]  Worker shutdown complete
2025-08-06T15:34:15.111Z INFO [worker-10]  Worker started
2025-08-06T15:34:32.891Z INFO [worker-10]  Worker started
2025-08-06T15:35:17.511Z INFO [worker-10]  Worker started
2025-08-06T15:37:09.926Z INFO [worker-10]  Worker started
2025-08-06T15:38:13.989Z INFO [worker-10]  Worker started
2025-08-06T15:38:35.633Z INFO [worker-10]  Worker started
2025-08-06T16:02:24.510Z INFO [worker-10]  Worker shutdown complete
2025-08-06T16:02:29.916Z INFO [worker-10]  Worker started
2025-08-06T16:15:44.617Z INFO [worker-10]  Worker shutdown complete
2025-08-06T16:15:48.443Z INFO [worker-10]  Worker started
2025-08-18T17:15:38.007Z INFO [worker-10]  Worker started
2025-08-18T17:38:33.464Z ERROR [worker-10]  Worker batch error ERROR: could not write to file "base/pgsql_tmp/pgsql_tmp25875.176": No space left on device
2026-01-27T16:38:03.423Z INFO [worker-10]  Worker started
2026-01-27T18:05:35.370Z INFO [worker-10] Worker started
2026-01-27T18:40:51.971Z INFO [worker-10] Worker started
2026-01-27T18:56:32.972Z INFO [worker-10] Worker started
2026-01-27T18:56:48.411Z INFO [worker-10] Worker shutdown complete
2026-01-27T18:58:10.519Z INFO [worker-10] Worker started
2026-01-27T18:58:13.943Z INFO [worker-10] Worker shutdown complete
2026-01-27T19:00:08.194Z INFO [worker-10] Worker started
2026-01-27T19:01:05.862Z INFO [worker-10] Worker shutdown complete
2026-01-27T19:01:07.860Z INFO [worker-10] Worker stopped
2026-01-27T19:22:15.199Z INFO [worker-10] Worker shutdown complete
2026-01-27T19:22:17.195Z INFO [worker-10] Worker stopped
2026-01-27T19:22:38.772Z INFO [worker-10] Worker started
2026-01-28T01:40:00.577Z INFO [worker-10] Worker shutdown complete
