2025-08-03T01:27:50.734Z INFO [worker-4]  Worker started
2025-08-03T01:27:58.783Z INFO [worker-4]  Processing batch of 5 URLs
2025-08-03T01:27:58.783Z INFO [worker-4] [http://darkfailenbsdla5mal2mxn2uz66od5vtzd5qozslagrfzachha3f3id.onion/archive] Starting crawl
2025-08-03T01:28:05.982Z ERROR [worker-4] [http://darkfailenbsdla5mal2mxn2uz66od5vtzd5qozslagrfzachha3f3id.onion/archive] Crawl failed ERROR: Socks5 proxy rejected connection - Failure
2025-08-03T01:28:06.684Z INFO [worker-4] [http://darkfailenbsdla5mal2mxn2uz66od5vtzd5qozslagrfzachha3f3id.onion/drughub] Starting crawl
2025-08-03T01:28:42.403Z ERROR [worker-4] [http://darkfailenbsdla5mal2mxn2uz66od5vtzd5qozslagrfzachha3f3id.onion/drughub] Crawl failed ERROR: Proxy connection timed out
2025-08-03T01:28:43.900Z INFO [worker-4] [http://darkfailenbsdla5mal2mxn2uz66od5vtzd5qozslagrfzachha3f3id.onion/riseup] Starting crawl
2025-08-03T01:31:09.301Z INFO [worker-4]  Worker started
2025-08-03T01:33:02.361Z INFO [worker-4]  Worker shutdown complete
2025-08-03T01:35:23.602Z INFO [worker-4]  Worker started
2025-08-03T01:35:23.614Z ERROR [worker-4]  Worker batch error ERROR: FOR UPDATE cannot be applied to the nullable side of an outer join
2025-08-03T01:35:27.621Z ERROR [worker-4]  Worker batch error ERROR: FOR UPDATE cannot be applied to the nullable side of an outer join
2025-08-03T01:35:31.626Z ERROR [worker-4]  Worker batch error ERROR: FOR UPDATE cannot be applied to the nullable side of an outer join
2025-08-03T01:35:35.629Z ERROR [worker-4]  Worker batch error ERROR: FOR UPDATE cannot be applied to the nullable side of an outer join
2025-08-03T01:35:39.630Z ERROR [worker-4]  Worker batch error ERROR: FOR UPDATE cannot be applied to the nullable side of an outer join
2025-08-03T01:35:43.633Z ERROR [worker-4]  Worker batch error ERROR: FOR UPDATE cannot be applied to the nullable side of an outer join
2025-08-03T01:35:47.636Z ERROR [worker-4]  Worker batch error ERROR: FOR UPDATE cannot be applied to the nullable side of an outer join
2025-08-03T01:35:51.639Z ERROR [worker-4]  Worker batch error ERROR: FOR UPDATE cannot be applied to the nullable side of an outer join
2025-08-03T01:35:55.643Z ERROR [worker-4]  Worker batch error ERROR: FOR UPDATE cannot be applied to the nullable side of an outer join
2025-08-03T01:35:59.648Z ERROR [worker-4]  Worker batch error ERROR: FOR UPDATE cannot be applied to the nullable side of an outer join
2025-08-03T01:36:03.654Z ERROR [worker-4]  Worker batch error ERROR: FOR UPDATE cannot be applied to the nullable side of an outer join
2025-08-03T01:36:07.657Z ERROR [worker-4]  Worker batch error ERROR: FOR UPDATE cannot be applied to the nullable side of an outer join
2025-08-03T01:36:11.660Z ERROR [worker-4]  Worker batch error ERROR: FOR UPDATE cannot be applied to the nullable side of an outer join
2025-08-03T01:36:15.664Z ERROR [worker-4]  Worker batch error ERROR: FOR UPDATE cannot be applied to the nullable side of an outer join
2025-08-03T01:36:19.667Z ERROR [worker-4]  Worker batch error ERROR: FOR UPDATE cannot be applied to the nullable side of an outer join
2025-08-03T01:36:23.670Z ERROR [worker-4]  Worker batch error ERROR: FOR UPDATE cannot be applied to the nullable side of an outer join
2025-08-03T01:36:27.674Z ERROR [worker-4]  Worker batch error ERROR: FOR UPDATE cannot be applied to the nullable side of an outer join
2025-08-03T01:36:31.678Z ERROR [worker-4]  Worker batch error ERROR: FOR UPDATE cannot be applied to the nullable side of an outer join
2025-08-03T01:36:35.682Z ERROR [worker-4]  Worker batch error ERROR: FOR UPDATE cannot be applied to the nullable side of an outer join
2025-08-03T01:36:39.686Z ERROR [worker-4]  Worker batch error ERROR: FOR UPDATE cannot be applied to the nullable side of an outer join
2025-08-03T01:36:43.691Z ERROR [worker-4]  Worker batch error ERROR: FOR UPDATE cannot be applied to the nullable side of an outer join
2025-08-03T01:36:47.695Z ERROR [worker-4]  Worker batch error ERROR: FOR UPDATE cannot be applied to the nullable side of an outer join
2025-08-03T01:36:51.701Z ERROR [worker-4]  Worker batch error ERROR: FOR UPDATE cannot be applied to the nullable side of an outer join
2025-08-03T01:37:13.249Z INFO [worker-4]  Worker started
2025-08-03T01:39:32.631Z INFO [worker-4]  Worker started
2025-08-03T01:43:31.103Z INFO [worker-4]  Processing batch of 3 URLs
2025-08-03T01:43:31.129Z INFO [worker-4] [http://darkfailenbsdla5mal2mxn2uz66od5vtzd5qozslagrfzachha3f3id.onion/cryptostorm] Domain darkfailenbsdla5mal2mxn2uz66od5vtzd5qozslagrfzachha3f3id.onion locked by another worker, skipping
2025-08-03T01:43:31.136Z INFO [worker-4] [http://darkfailenbsdla5mal2mxn2uz66od5vtzd5qozslagrfzachha3f3id.onion/cryptostamps] Domain darkfailenbsdla5mal2mxn2uz66od5vtzd5qozslagrfzachha3f3id.onion locked by another worker, skipping
2025-08-03T01:43:31.139Z INFO [worker-4] [http://darkfailenbsdla5mal2mxn2uz66od5vtzd5qozslagrfzachha3f3id.onion/pgp-sigs.txt] Domain darkfailenbsdla5mal2mxn2uz66od5vtzd5qozslagrfzachha3f3id.onion locked by another worker, skipping
2025-08-03T01:44:29.064Z INFO [worker-4]  Worker started
2025-08-03T01:46:12.824Z INFO [worker-4]  Worker started
2025-08-03T01:49:17.240Z INFO [worker-4]  Worker started
2025-08-03T01:51:39.310Z INFO [worker-4]  Worker started
2025-08-03T01:53:49.023Z INFO [worker-4]  Worker started
2025-08-03T01:55:19.307Z INFO [worker-4]  Worker started
2025-08-03T01:57:37.867Z INFO [worker-4]  Worker started
2025-08-03T02:00:12.972Z INFO [worker-4]  Worker started
2025-08-03T02:00:17.003Z INFO [worker-4]  Processing batch of 3 URLs
2025-08-03T02:00:17.008Z INFO [worker-4] [http://darkfailenbsdla5mal2mxn2uz66od5vtzd5qozslagrfzachha3f3id.onion/openpgp] Domain darkfailenbsdla5mal2mxn2uz66od5vtzd5qozslagrfzachha3f3id.onion locked by another worker, skipping
2025-08-03T02:00:17.022Z INFO [worker-4] [http://darkfailenbsdla5mal2mxn2uz66od5vtzd5qozslagrfzachha3f3id.onion/privacy] Domain darkfailenbsdla5mal2mxn2uz66od5vtzd5qozslagrfzachha3f3id.onion locked by another worker, skipping
2025-08-03T02:00:17.025Z INFO [worker-4] [http://darkfailenbsdla5mal2mxn2uz66od5vtzd5qozslagrfzachha3f3id.onion/the-pirate-bay] Domain darkfailenbsdla5mal2mxn2uz66od5vtzd5qozslagrfzachha3f3id.onion locked by another worker, skipping
2025-08-03T02:01:19.195Z INFO [worker-4]  Processing batch of 1 URLs
2025-08-03T02:01:19.198Z INFO [worker-4] [http://darkfailenbsdla5mal2mxn2uz66od5vtzd5qozslagrfzachha3f3id.onion/captcha/recon] 🔒 Acquired lock for domain: darkfailenbsdla5mal2mxn2uz66od5vtzd5qozslagrfzachha3f3id.onion
2025-08-03T02:01:19.199Z ERROR [worker-4] [http://darkfailenbsdla5mal2mxn2uz66od5vtzd5qozslagrfzachha3f3id.onion/captcha/recon] ❌ Crawl failed for domain: darkfailenbsdla5mal2mxn2uz66od5vtzd5qozslagrfzachha3f3id.onion ERROR: inconsistent types deduced for parameter $2
2025-08-03T02:01:19.202Z ERROR [worker-4]  Worker batch error ERROR: inconsistent types deduced for parameter $2
2025-08-03T02:04:08.560Z INFO [worker-4]  Worker started
2025-08-03T02:13:23.109Z INFO [worker-4]  Worker shutdown complete
2025-08-03T02:13:25.627Z INFO [worker-4]  Worker started
2025-08-03T02:13:51.424Z INFO [worker-4]  Worker shutdown complete
2025-08-03T02:13:54.092Z INFO [worker-4]  Worker started
2025-08-03T02:13:56.600Z INFO [worker-4]  Worker shutdown complete
2025-08-03T02:13:59.014Z INFO [worker-4]  Worker started
2025-08-03T02:27:39.434Z INFO [worker-4]  Worker started
2025-08-03T02:28:22.030Z INFO [worker-4]  Worker shutdown complete
2025-08-03T02:29:13.082Z INFO [worker-4]  Worker started
2025-08-03T02:29:20.709Z INFO [worker-4]  Worker shutdown complete
2025-08-03T02:30:09.699Z INFO [worker-4]  Worker started
2025-08-03T02:34:27.617Z INFO [worker-4]  Worker started
2025-08-03T02:36:23.354Z INFO [worker-4]  Worker shutdown complete
2025-08-03T02:38:26.905Z INFO [worker-4]  Worker started
2025-08-03T02:40:43.049Z INFO [worker-4]  Worker shutdown complete
2025-08-03T02:43:51.136Z INFO [worker-4]  Worker started
2025-08-03T02:44:08.521Z INFO [worker-4]  Worker shutdown complete
2025-08-03T02:44:22.819Z INFO [worker-4]  Worker started
2025-08-03T02:45:14.000Z INFO [worker-4]  Worker shutdown complete
2025-08-03T02:46:17.872Z INFO [worker-4]  Worker started
2025-08-03T02:46:17.900Z ERROR [worker-4]  Worker batch error ERROR: FOR UPDATE cannot be applied to the nullable side of an outer join
2025-08-03T02:46:21.903Z ERROR [worker-4]  Worker batch error ERROR: FOR UPDATE cannot be applied to the nullable side of an outer join
2025-08-03T02:46:25.905Z ERROR [worker-4]  Worker batch error ERROR: FOR UPDATE cannot be applied to the nullable side of an outer join
2025-08-03T02:46:29.909Z ERROR [worker-4]  Worker batch error ERROR: FOR UPDATE cannot be applied to the nullable side of an outer join
2025-08-03T02:46:33.912Z ERROR [worker-4]  Worker batch error ERROR: FOR UPDATE cannot be applied to the nullable side of an outer join
2025-08-03T02:46:37.915Z ERROR [worker-4]  Worker batch error ERROR: FOR UPDATE cannot be applied to the nullable side of an outer join
2025-08-03T02:46:41.917Z ERROR [worker-4]  Worker batch error ERROR: FOR UPDATE cannot be applied to the nullable side of an outer join
2025-08-03T02:46:45.921Z ERROR [worker-4]  Worker batch error ERROR: FOR UPDATE cannot be applied to the nullable side of an outer join
2025-08-03T02:46:49.922Z ERROR [worker-4]  Worker batch error ERROR: FOR UPDATE cannot be applied to the nullable side of an outer join
2025-08-03T02:46:53.924Z ERROR [worker-4]  Worker batch error ERROR: FOR UPDATE cannot be applied to the nullable side of an outer join
2025-08-03T02:46:57.926Z ERROR [worker-4]  Worker batch error ERROR: FOR UPDATE cannot be applied to the nullable side of an outer join
2025-08-03T02:47:01.929Z ERROR [worker-4]  Worker batch error ERROR: FOR UPDATE cannot be applied to the nullable side of an outer join
2025-08-03T02:47:05.934Z ERROR [worker-4]  Worker batch error ERROR: FOR UPDATE cannot be applied to the nullable side of an outer join
2025-08-03T02:47:09.938Z ERROR [worker-4]  Worker batch error ERROR: FOR UPDATE cannot be applied to the nullable side of an outer join
2025-08-03T02:47:13.941Z ERROR [worker-4]  Worker batch error ERROR: FOR UPDATE cannot be applied to the nullable side of an outer join
2025-08-03T02:47:17.946Z ERROR [worker-4]  Worker batch error ERROR: FOR UPDATE cannot be applied to the nullable side of an outer join
2025-08-03T02:47:21.949Z ERROR [worker-4]  Worker batch error ERROR: FOR UPDATE cannot be applied to the nullable side of an outer join
2025-08-03T02:47:25.952Z ERROR [worker-4]  Worker batch error ERROR: FOR UPDATE cannot be applied to the nullable side of an outer join
2025-08-03T02:47:29.958Z ERROR [worker-4]  Worker batch error ERROR: FOR UPDATE cannot be applied to the nullable side of an outer join
2025-08-03T02:47:33.964Z ERROR [worker-4]  Worker batch error ERROR: FOR UPDATE cannot be applied to the nullable side of an outer join
2025-08-03T02:47:37.968Z ERROR [worker-4]  Worker batch error ERROR: FOR UPDATE cannot be applied to the nullable side of an outer join
2025-08-03T02:47:41.972Z ERROR [worker-4]  Worker batch error ERROR: FOR UPDATE cannot be applied to the nullable side of an outer join
2025-08-03T02:47:45.975Z ERROR [worker-4]  Worker batch error ERROR: FOR UPDATE cannot be applied to the nullable side of an outer join
2025-08-03T02:47:48.984Z INFO [worker-4]  Worker shutdown complete
2025-08-03T02:47:50.765Z INFO [worker-4]  Worker started
2025-08-03T02:49:44.871Z INFO [worker-4]  Worker shutdown complete
2025-08-03T02:51:09.742Z INFO [worker-4]  Worker started
2025-08-03T03:23:31.818Z INFO [worker-4]  Worker shutdown complete
2025-08-03T03:23:35.311Z INFO [worker-4]  Worker started
2025-08-03T03:24:10.082Z INFO [worker-4]  Worker started
2025-08-03T03:24:10.174Z INFO [worker-4]  Worker shutdown complete
2025-08-03T03:53:45.499Z INFO [worker-4]  Worker shutdown complete
2025-08-04T15:56:18.533Z INFO [worker-4]  Worker started
2025-08-04T16:20:11.191Z INFO [worker-4]  Worker shutdown complete
2025-08-04T16:20:38.457Z INFO [worker-4]  Worker started
2025-08-04T17:10:12.393Z INFO [worker-4]  Worker started
2025-08-04T17:10:13.241Z INFO [worker-4]  Worker shutdown complete
2025-08-04T18:12:00.614Z INFO [worker-4]  Worker shutdown complete
2025-08-04T18:12:08.568Z INFO [worker-4]  Worker started
2025-08-05T01:16:57.181Z INFO [worker-4]  Worker shutdown complete
2025-08-05T01:17:04.538Z INFO [worker-4]  Worker started
2025-08-05T22:51:31.476Z INFO [worker-4]  Worker started
2025-08-05T23:29:57.743Z INFO [worker-4]  Worker started
2025-08-06T14:00:53.418Z INFO [worker-4]  Worker shutdown complete
2025-08-06T14:01:38.614Z INFO [worker-4]  Worker started
2025-08-06T14:07:47.260Z INFO [worker-4]  Worker started
2025-08-06T14:09:31.719Z INFO [worker-4]  Worker started
2025-08-06T14:11:56.000Z INFO [worker-4]  Worker shutdown complete
2025-08-06T14:11:57.775Z INFO [worker-4]  Worker started
2025-08-06T15:14:22.066Z INFO [worker-4]  Worker started
2025-08-06T15:15:54.586Z INFO [worker-4]  Worker started
2025-08-06T15:18:06.042Z ERROR [worker-4]  Worker batch error ERROR: column cq.source_domain does not exist
2025-08-06T15:18:10.046Z ERROR [worker-4]  Worker batch error ERROR: column cq.source_domain does not exist
2025-08-06T15:18:14.050Z ERROR [worker-4]  Worker batch error ERROR: column cq.source_domain does not exist
2025-08-06T15:18:14.389Z INFO [worker-4]  Worker shutdown complete
2025-08-06T15:19:20.415Z INFO [worker-4]  Worker started
2025-08-06T15:29:35.733Z INFO [worker-4]  Worker started
2025-08-06T15:31:27.511Z INFO [worker-4]  Worker shutdown complete
2025-08-06T15:34:15.109Z INFO [worker-4]  Worker started
2025-08-06T15:34:15.161Z ERROR [worker-4]  Worker batch error ERROR: column "domain_crawl_count" does not exist
2025-08-06T15:34:32.889Z INFO [worker-4]  Worker started
2025-08-06T15:35:17.508Z INFO [worker-4]  Worker started
2025-08-06T15:37:09.923Z INFO [worker-4]  Worker started
2025-08-06T15:38:13.987Z INFO [worker-4]  Worker started
2025-08-06T15:38:35.627Z INFO [worker-4]  Worker started
2025-08-06T16:02:24.510Z INFO [worker-4]  Worker shutdown complete
2025-08-06T16:02:29.914Z INFO [worker-4]  Worker started
2025-08-06T16:15:44.617Z INFO [worker-4]  Worker shutdown complete
2025-08-06T16:15:48.441Z INFO [worker-4]  Worker started
2025-08-09T03:33:05.195Z INFO [worker-4]  Worker shutdown complete
2025-08-18T17:15:38.005Z INFO [worker-4]  Worker started
2025-08-18T23:54:47.913Z INFO [worker-4]  Worker shutdown complete
