2025-08-03T01:27:50.735Z INFO [worker-6]  Worker started
2025-08-03T01:27:58.783Z INFO [worker-6]  Processing batch of 5 URLs
2025-08-03T01:27:58.784Z INFO [worker-6] [http://darkfailenbsdla5mal2mxn2uz66od5vtzd5qozslagrfzachha3f3id.onion/pgp.txt] Starting crawl
2025-08-03T01:28:05.980Z ERROR [worker-6] [http://darkfailenbsdla5mal2mxn2uz66od5vtzd5qozslagrfzachha3f3id.onion/pgp.txt] Crawl failed ERROR: socket hang up
2025-08-03T01:28:06.856Z INFO [worker-6] [http://darkfailenbsdla5mal2mxn2uz66od5vtzd5qozslagrfzachha3f3id.onion/xmrguide] Starting crawl
2025-08-03T01:31:09.302Z INFO [worker-6]  Worker started
2025-08-03T01:33:02.361Z INFO [worker-6]  Worker shutdown complete
2025-08-03T01:35:23.602Z INFO [worker-6]  Worker started
2025-08-03T01:35:23.627Z ERROR [worker-6]  Worker batch error ERROR: FOR UPDATE cannot be applied to the nullable side of an outer join
2025-08-03T01:35:27.631Z ERROR [worker-6]  Worker batch error ERROR: FOR UPDATE cannot be applied to the nullable side of an outer join
2025-08-03T01:35:31.633Z ERROR [worker-6]  Worker batch error ERROR: FOR UPDATE cannot be applied to the nullable side of an outer join
2025-08-03T01:35:35.635Z ERROR [worker-6]  Worker batch error ERROR: FOR UPDATE cannot be applied to the nullable side of an outer join
2025-08-03T01:35:39.637Z ERROR [worker-6]  Worker batch error ERROR: FOR UPDATE cannot be applied to the nullable side of an outer join
2025-08-03T01:35:43.639Z ERROR [worker-6]  Worker batch error ERROR: FOR UPDATE cannot be applied to the nullable side of an outer join
2025-08-03T01:35:47.640Z ERROR [worker-6]  Worker batch error ERROR: FOR UPDATE cannot be applied to the nullable side of an outer join
2025-08-03T01:35:51.649Z ERROR [worker-6]  Worker batch error ERROR: FOR UPDATE cannot be applied to the nullable side of an outer join
2025-08-03T01:35:55.653Z ERROR [worker-6]  Worker batch error ERROR: FOR UPDATE cannot be applied to the nullable side of an outer join
2025-08-03T01:35:59.654Z ERROR [worker-6]  Worker batch error ERROR: FOR UPDATE cannot be applied to the nullable side of an outer join
2025-08-03T01:36:03.661Z ERROR [worker-6]  Worker batch error ERROR: FOR UPDATE cannot be applied to the nullable side of an outer join
2025-08-03T01:36:07.663Z ERROR [worker-6]  Worker batch error ERROR: FOR UPDATE cannot be applied to the nullable side of an outer join
2025-08-03T01:36:11.665Z ERROR [worker-6]  Worker batch error ERROR: FOR UPDATE cannot be applied to the nullable side of an outer join
2025-08-03T01:36:15.668Z ERROR [worker-6]  Worker batch error ERROR: FOR UPDATE cannot be applied to the nullable side of an outer join
2025-08-03T01:36:19.672Z ERROR [worker-6]  Worker batch error ERROR: FOR UPDATE cannot be applied to the nullable side of an outer join
2025-08-03T01:36:23.675Z ERROR [worker-6]  Worker batch error ERROR: FOR UPDATE cannot be applied to the nullable side of an outer join
2025-08-03T01:36:27.682Z ERROR [worker-6]  Worker batch error ERROR: FOR UPDATE cannot be applied to the nullable side of an outer join
2025-08-03T01:36:31.688Z ERROR [worker-6]  Worker batch error ERROR: FOR UPDATE cannot be applied to the nullable side of an outer join
2025-08-03T01:36:35.689Z ERROR [worker-6]  Worker batch error ERROR: FOR UPDATE cannot be applied to the nullable side of an outer join
2025-08-03T01:36:39.690Z ERROR [worker-6]  Worker batch error ERROR: FOR UPDATE cannot be applied to the nullable side of an outer join
2025-08-03T01:36:43.693Z ERROR [worker-6]  Worker batch error ERROR: FOR UPDATE cannot be applied to the nullable side of an outer join
2025-08-03T01:36:47.697Z ERROR [worker-6]  Worker batch error ERROR: FOR UPDATE cannot be applied to the nullable side of an outer join
2025-08-03T01:36:51.703Z ERROR [worker-6]  Worker batch error ERROR: FOR UPDATE cannot be applied to the nullable side of an outer join
2025-08-03T01:37:13.250Z INFO [worker-6]  Worker started
2025-08-03T01:39:32.631Z INFO [worker-6]  Worker started
2025-08-03T01:43:31.100Z INFO [worker-6]  Processing batch of 3 URLs
2025-08-03T01:43:31.130Z INFO [worker-6] [http://darkfailenbsdla5mal2mxn2uz66od5vtzd5qozslagrfzachha3f3id.onion/openpgp] Domain darkfailenbsdla5mal2mxn2uz66od5vtzd5qozslagrfzachha3f3id.onion locked by another worker, skipping
2025-08-03T01:43:31.136Z INFO [worker-6] [http://darkfailenbsdla5mal2mxn2uz66od5vtzd5qozslagrfzachha3f3id.onion/mullvad] Domain darkfailenbsdla5mal2mxn2uz66od5vtzd5qozslagrfzachha3f3id.onion locked by another worker, skipping
2025-08-03T01:43:31.137Z INFO [worker-6] [http://darkfailenbsdla5mal2mxn2uz66od5vtzd5qozslagrfzachha3f3id.onion/facebook] Domain darkfailenbsdla5mal2mxn2uz66od5vtzd5qozslagrfzachha3f3id.onion locked by another worker, skipping
2025-08-03T01:44:29.065Z INFO [worker-6]  Worker started
2025-08-03T01:46:12.824Z INFO [worker-6]  Worker started
2025-08-03T01:49:17.240Z INFO [worker-6]  Worker started
2025-08-03T01:51:39.310Z INFO [worker-6]  Worker started
2025-08-03T01:53:49.024Z INFO [worker-6]  Worker started
2025-08-03T01:55:19.307Z INFO [worker-6]  Worker started
2025-08-03T01:57:37.868Z INFO [worker-6]  Worker started
2025-08-03T02:00:12.973Z INFO [worker-6]  Worker started
2025-08-03T02:00:17.020Z INFO [worker-6]  Processing batch of 3 URLs
2025-08-03T02:00:17.022Z INFO [worker-6] [http://darkfailenbsdla5mal2mxn2uz66od5vtzd5qozslagrfzachha3f3id.onion/proton] Domain darkfailenbsdla5mal2mxn2uz66od5vtzd5qozslagrfzachha3f3id.onion locked by another worker, skipping
2025-08-03T02:00:17.025Z INFO [worker-6] [http://darkfailenbsdla5mal2mxn2uz66od5vtzd5qozslagrfzachha3f3id.onion/riseup] Domain darkfailenbsdla5mal2mxn2uz66od5vtzd5qozslagrfzachha3f3id.onion locked by another worker, skipping
2025-08-03T02:00:17.025Z INFO [worker-6] [http://darkfailenbsdla5mal2mxn2uz66od5vtzd5qozslagrfzachha3f3id.onion/pgp-sigs.txt] Domain darkfailenbsdla5mal2mxn2uz66od5vtzd5qozslagrfzachha3f3id.onion locked by another worker, skipping
2025-08-03T02:01:21.202Z INFO [worker-6]  Processing batch of 2 URLs
2025-08-03T02:01:21.209Z INFO [worker-6] [http://darkfailenbsdla5mal2mxn2uz66od5vtzd5qozslagrfzachha3f3id.onion/propublica] 🔒 Acquired lock for domain: darkfailenbsdla5mal2mxn2uz66od5vtzd5qozslagrfzachha3f3id.onion
2025-08-03T02:01:21.210Z INFO [worker-6] [http://darkfailenbsdla5mal2mxn2uz66od5vtzd5qozslagrfzachha3f3id.onion/propublica] Starting crawl
2025-08-03T02:01:22.277Z INFO [worker-6] [http://darkfailenbsdla5mal2mxn2uz66od5vtzd5qozslagrfzachha3f3id.onion/propublica] Added 2 new URLs to queue
2025-08-03T02:01:22.278Z INFO [worker-6] [http://darkfailenbsdla5mal2mxn2uz66od5vtzd5qozslagrfzachha3f3id.onion/propublica] Crawl completed
2025-08-03T02:01:22.279Z INFO [worker-6] [http://darkfailenbsdla5mal2mxn2uz66od5vtzd5qozslagrfzachha3f3id.onion/propublica] ✅ Successfully crawled domain: darkfailenbsdla5mal2mxn2uz66od5vtzd5qozslagrfzachha3f3id.onion
2025-08-03T02:01:22.281Z INFO [worker-6]  🔓 Released lock for domain: darkfailenbsdla5mal2mxn2uz66od5vtzd5qozslagrfzachha3f3id.onion
2025-08-03T02:04:08.561Z INFO [worker-6]  Worker started
2025-08-03T02:13:23.109Z INFO [worker-6]  Worker shutdown complete
2025-08-03T02:13:25.628Z INFO [worker-6]  Worker started
2025-08-03T02:13:51.425Z INFO [worker-6]  Worker shutdown complete
2025-08-03T02:13:54.092Z INFO [worker-6]  Worker started
2025-08-03T02:13:56.600Z INFO [worker-6]  Worker shutdown complete
2025-08-03T02:13:59.014Z INFO [worker-6]  Worker started
2025-08-03T02:27:39.434Z INFO [worker-6]  Worker started
2025-08-03T02:28:22.031Z INFO [worker-6]  Worker shutdown complete
2025-08-03T02:29:13.082Z INFO [worker-6]  Worker started
2025-08-03T02:29:20.710Z INFO [worker-6]  Worker shutdown complete
2025-08-03T02:30:09.700Z INFO [worker-6]  Worker started
2025-08-03T02:34:27.617Z INFO [worker-6]  Worker started
2025-08-03T02:36:23.354Z INFO [worker-6]  Worker shutdown complete
2025-08-03T02:38:26.906Z INFO [worker-6]  Worker started
2025-08-03T02:40:43.049Z INFO [worker-6]  Worker shutdown complete
2025-08-03T02:43:51.136Z INFO [worker-6]  Worker started
2025-08-03T02:44:08.521Z INFO [worker-6]  Worker shutdown complete
2025-08-03T02:44:22.820Z INFO [worker-6]  Worker started
2025-08-03T02:45:14.000Z INFO [worker-6]  Worker shutdown complete
2025-08-03T02:46:17.873Z INFO [worker-6]  Worker started
2025-08-03T02:46:17.904Z ERROR [worker-6]  Worker batch error ERROR: FOR UPDATE cannot be applied to the nullable side of an outer join
2025-08-03T02:46:21.906Z ERROR [worker-6]  Worker batch error ERROR: FOR UPDATE cannot be applied to the nullable side of an outer join
2025-08-03T02:46:25.907Z ERROR [worker-6]  Worker batch error ERROR: FOR UPDATE cannot be applied to the nullable side of an outer join
2025-08-03T02:46:29.911Z ERROR [worker-6]  Worker batch error ERROR: FOR UPDATE cannot be applied to the nullable side of an outer join
2025-08-03T02:46:33.914Z ERROR [worker-6]  Worker batch error ERROR: FOR UPDATE cannot be applied to the nullable side of an outer join
2025-08-03T02:46:37.916Z ERROR [worker-6]  Worker batch error ERROR: FOR UPDATE cannot be applied to the nullable side of an outer join
2025-08-03T02:46:41.920Z ERROR [worker-6]  Worker batch error ERROR: FOR UPDATE cannot be applied to the nullable side of an outer join
2025-08-03T02:46:45.924Z ERROR [worker-6]  Worker batch error ERROR: FOR UPDATE cannot be applied to the nullable side of an outer join
2025-08-03T02:46:49.929Z ERROR [worker-6]  Worker batch error ERROR: FOR UPDATE cannot be applied to the nullable side of an outer join
2025-08-03T02:46:53.931Z ERROR [worker-6]  Worker batch error ERROR: FOR UPDATE cannot be applied to the nullable side of an outer join
2025-08-03T02:46:57.932Z ERROR [worker-6]  Worker batch error ERROR: FOR UPDATE cannot be applied to the nullable side of an outer join
2025-08-03T02:47:01.932Z ERROR [worker-6]  Worker batch error ERROR: FOR UPDATE cannot be applied to the nullable side of an outer join
2025-08-03T02:47:05.935Z ERROR [worker-6]  Worker batch error ERROR: FOR UPDATE cannot be applied to the nullable side of an outer join
2025-08-03T02:47:09.938Z ERROR [worker-6]  Worker batch error ERROR: FOR UPDATE cannot be applied to the nullable side of an outer join
2025-08-03T02:47:13.942Z ERROR [worker-6]  Worker batch error ERROR: FOR UPDATE cannot be applied to the nullable side of an outer join
2025-08-03T02:47:17.947Z ERROR [worker-6]  Worker batch error ERROR: FOR UPDATE cannot be applied to the nullable side of an outer join
2025-08-03T02:47:21.950Z ERROR [worker-6]  Worker batch error ERROR: FOR UPDATE cannot be applied to the nullable side of an outer join
2025-08-03T02:47:25.955Z ERROR [worker-6]  Worker batch error ERROR: FOR UPDATE cannot be applied to the nullable side of an outer join
2025-08-03T02:47:29.959Z ERROR [worker-6]  Worker batch error ERROR: FOR UPDATE cannot be applied to the nullable side of an outer join
2025-08-03T02:47:33.963Z ERROR [worker-6]  Worker batch error ERROR: FOR UPDATE cannot be applied to the nullable side of an outer join
2025-08-03T02:47:37.968Z ERROR [worker-6]  Worker batch error ERROR: FOR UPDATE cannot be applied to the nullable side of an outer join
2025-08-03T02:47:41.972Z ERROR [worker-6]  Worker batch error ERROR: FOR UPDATE cannot be applied to the nullable side of an outer join
2025-08-03T02:47:45.976Z ERROR [worker-6]  Worker batch error ERROR: FOR UPDATE cannot be applied to the nullable side of an outer join
2025-08-03T02:47:48.984Z INFO [worker-6]  Worker shutdown complete
2025-08-03T02:47:50.765Z INFO [worker-6]  Worker started
2025-08-03T02:49:44.871Z INFO [worker-6]  Worker shutdown complete
2025-08-03T02:51:09.743Z INFO [worker-6]  Worker started
2025-08-03T03:23:31.818Z INFO [worker-6]  Worker shutdown complete
2025-08-03T03:23:35.312Z INFO [worker-6]  Worker started
2025-08-03T03:24:10.083Z INFO [worker-6]  Worker started
2025-08-03T03:24:10.177Z INFO [worker-6]  Worker shutdown complete
2025-08-03T03:53:45.499Z INFO [worker-6]  Worker shutdown complete
2025-08-04T15:56:18.534Z INFO [worker-6]  Worker started
2025-08-04T16:20:11.191Z INFO [worker-6]  Worker shutdown complete
2025-08-04T16:20:38.458Z INFO [worker-6]  Worker started
2025-08-04T17:10:12.393Z INFO [worker-6]  Worker started
2025-08-04T17:10:13.241Z INFO [worker-6]  Worker shutdown complete
2025-08-04T18:12:00.614Z INFO [worker-6]  Worker shutdown complete
2025-08-04T18:12:08.569Z INFO [worker-6]  Worker started
2025-08-05T01:16:57.181Z INFO [worker-6]  Worker shutdown complete
2025-08-05T01:17:04.539Z INFO [worker-6]  Worker started
2025-08-05T22:51:31.476Z INFO [worker-6]  Worker started
2025-08-05T23:29:57.744Z INFO [worker-6]  Worker started
2025-08-06T14:00:53.418Z INFO [worker-6]  Worker shutdown complete
2025-08-06T14:01:38.614Z INFO [worker-6]  Worker started
2025-08-06T14:07:47.261Z INFO [worker-6]  Worker started
2025-08-06T14:09:31.720Z INFO [worker-6]  Worker started
2025-08-06T14:11:56.001Z INFO [worker-6]  Worker shutdown complete
2025-08-06T14:11:57.776Z INFO [worker-6]  Worker started
2025-08-06T15:14:22.067Z INFO [worker-6]  Worker started
2025-08-06T15:15:54.586Z INFO [worker-6]  Worker started
2025-08-06T15:18:14.389Z INFO [worker-6]  Worker shutdown complete
2025-08-06T15:19:20.415Z INFO [worker-6]  Worker started
2025-08-06T15:29:35.733Z INFO [worker-6]  Worker started
2025-08-06T15:31:27.512Z INFO [worker-6]  Worker shutdown complete
2025-08-06T15:34:15.109Z INFO [worker-6]  Worker started
2025-08-06T15:34:15.161Z ERROR [worker-6]  Worker batch error ERROR: column "domain_crawl_count" does not exist
2025-08-06T15:34:32.889Z INFO [worker-6]  Worker started
2025-08-06T15:35:17.509Z INFO [worker-6]  Worker started
2025-08-06T15:37:09.924Z INFO [worker-6]  Worker started
2025-08-06T15:38:13.988Z INFO [worker-6]  Worker started
2025-08-06T15:38:35.628Z INFO [worker-6]  Worker started
2025-08-06T16:02:24.510Z INFO [worker-6]  Worker shutdown complete
2025-08-06T16:02:29.914Z INFO [worker-6]  Worker started
2025-08-06T16:15:44.617Z INFO [worker-6]  Worker shutdown complete
2025-08-06T16:15:48.442Z INFO [worker-6]  Worker started
2025-08-18T17:15:38.006Z INFO [worker-6]  Worker started
2025-08-18T17:38:33.724Z ERROR [worker-6]  Worker batch error ERROR: could not write to file "base/pgsql_tmp/pgsql_tmp26130.23": No space left on device
