2025-08-03T01:27:50.736Z INFO [worker-8]  Worker started
2025-08-03T01:27:58.794Z INFO [worker-8]  Processing batch of 5 URLs
2025-08-03T01:27:58.794Z INFO [worker-8] [http://darkfailenbsdla5mal2mxn2uz66od5vtzd5qozslagrfzachha3f3id.onion/local-monero] Starting crawl
2025-08-03T01:28:05.981Z ERROR [worker-8] [http://darkfailenbsdla5mal2mxn2uz66od5vtzd5qozslagrfzachha3f3id.onion/local-monero] Crawl failed ERROR: socket hang up
2025-08-03T01:28:07.164Z INFO [worker-8] [http://darkfailenbsdla5mal2mxn2uz66od5vtzd5qozslagrfzachha3f3id.onion/ddosecrets] Starting crawl
2025-08-03T01:28:42.407Z ERROR [worker-8] [http://darkfailenbsdla5mal2mxn2uz66od5vtzd5qozslagrfzachha3f3id.onion/ddosecrets] Crawl failed ERROR: Proxy connection timed out
2025-08-03T01:28:43.153Z INFO [worker-8] [http://darkfailenbsdla5mal2mxn2uz66od5vtzd5qozslagrfzachha3f3id.onion/cryptostorm] Starting crawl
2025-08-03T01:31:09.303Z INFO [worker-8]  Worker started
2025-08-03T01:33:02.361Z INFO [worker-8]  Worker shutdown complete
2025-08-03T01:35:23.603Z INFO [worker-8]  Worker started
2025-08-03T01:35:23.633Z ERROR [worker-8]  Worker batch error ERROR: FOR UPDATE cannot be applied to the nullable side of an outer join
2025-08-03T01:35:27.636Z ERROR [worker-8]  Worker batch error ERROR: FOR UPDATE cannot be applied to the nullable side of an outer join
2025-08-03T01:35:31.638Z ERROR [worker-8]  Worker batch error ERROR: FOR UPDATE cannot be applied to the nullable side of an outer join
2025-08-03T01:35:35.639Z ERROR [worker-8]  Worker batch error ERROR: FOR UPDATE cannot be applied to the nullable side of an outer join
2025-08-03T01:35:39.639Z ERROR [worker-8]  Worker batch error ERROR: FOR UPDATE cannot be applied to the nullable side of an outer join
2025-08-03T01:35:43.643Z ERROR [worker-8]  Worker batch error ERROR: FOR UPDATE cannot be applied to the nullable side of an outer join
2025-08-03T01:35:47.645Z ERROR [worker-8]  Worker batch error ERROR: FOR UPDATE cannot be applied to the nullable side of an outer join
2025-08-03T01:35:51.650Z ERROR [worker-8]  Worker batch error ERROR: FOR UPDATE cannot be applied to the nullable side of an outer join
2025-08-03T01:35:55.652Z ERROR [worker-8]  Worker batch error ERROR: FOR UPDATE cannot be applied to the nullable side of an outer join
2025-08-03T01:35:59.654Z ERROR [worker-8]  Worker batch error ERROR: FOR UPDATE cannot be applied to the nullable side of an outer join
2025-08-03T01:36:03.661Z ERROR [worker-8]  Worker batch error ERROR: FOR UPDATE cannot be applied to the nullable side of an outer join
2025-08-03T01:36:07.663Z ERROR [worker-8]  Worker batch error ERROR: FOR UPDATE cannot be applied to the nullable side of an outer join
2025-08-03T01:36:11.665Z ERROR [worker-8]  Worker batch error ERROR: FOR UPDATE cannot be applied to the nullable side of an outer join
2025-08-03T01:36:15.670Z ERROR [worker-8]  Worker batch error ERROR: FOR UPDATE cannot be applied to the nullable side of an outer join
2025-08-03T01:36:19.673Z ERROR [worker-8]  Worker batch error ERROR: FOR UPDATE cannot be applied to the nullable side of an outer join
2025-08-03T01:36:23.676Z ERROR [worker-8]  Worker batch error ERROR: FOR UPDATE cannot be applied to the nullable side of an outer join
2025-08-03T01:36:27.684Z ERROR [worker-8]  Worker batch error ERROR: FOR UPDATE cannot be applied to the nullable side of an outer join
2025-08-03T01:36:31.689Z ERROR [worker-8]  Worker batch error ERROR: FOR UPDATE cannot be applied to the nullable side of an outer join
2025-08-03T01:36:35.693Z ERROR [worker-8]  Worker batch error ERROR: FOR UPDATE cannot be applied to the nullable side of an outer join
2025-08-03T01:36:39.694Z ERROR [worker-8]  Worker batch error ERROR: FOR UPDATE cannot be applied to the nullable side of an outer join
2025-08-03T01:36:43.694Z ERROR [worker-8]  Worker batch error ERROR: FOR UPDATE cannot be applied to the nullable side of an outer join
2025-08-03T01:36:47.698Z ERROR [worker-8]  Worker batch error ERROR: FOR UPDATE cannot be applied to the nullable side of an outer join
2025-08-03T01:36:51.703Z ERROR [worker-8]  Worker batch error ERROR: FOR UPDATE cannot be applied to the nullable side of an outer join
2025-08-03T01:37:13.251Z INFO [worker-8]  Worker started
2025-08-03T01:39:32.632Z INFO [worker-8]  Worker started
2025-08-03T01:43:31.098Z INFO [worker-8]  Processing batch of 3 URLs
2025-08-03T01:43:31.127Z INFO [worker-8] [http://darkfailenbsdla5mal2mxn2uz66od5vtzd5qozslagrfzachha3f3id.onion/blockchair] 🔒 Acquired lock for domain: darkfailenbsdla5mal2mxn2uz66od5vtzd5qozslagrfzachha3f3id.onion
2025-08-03T01:43:31.135Z ERROR [worker-8] [http://darkfailenbsdla5mal2mxn2uz66od5vtzd5qozslagrfzachha3f3id.onion/blockchair] ❌ Crawl failed for domain: darkfailenbsdla5mal2mxn2uz66od5vtzd5qozslagrfzachha3f3id.onion ERROR: inconsistent types deduced for parameter $2
2025-08-03T01:43:31.141Z ERROR [worker-8]  Worker batch error ERROR: inconsistent types deduced for parameter $2
2025-08-03T01:44:29.065Z INFO [worker-8]  Worker started
2025-08-03T01:46:12.825Z INFO [worker-8]  Worker started
2025-08-03T01:49:17.241Z INFO [worker-8]  Worker started
2025-08-03T01:51:39.311Z INFO [worker-8]  Worker started
2025-08-03T01:53:49.024Z INFO [worker-8]  Worker started
2025-08-03T01:55:19.308Z INFO [worker-8]  Worker started
2025-08-03T01:57:37.868Z INFO [worker-8]  Worker started
2025-08-03T02:00:12.973Z INFO [worker-8]  Worker started
2025-08-03T02:00:16.999Z INFO [worker-8]  Processing batch of 3 URLs
2025-08-03T02:00:17.003Z INFO [worker-8] [http://darkfailenbsdla5mal2mxn2uz66od5vtzd5qozslagrfzachha3f3id.onion/njalla] Domain darkfailenbsdla5mal2mxn2uz66od5vtzd5qozslagrfzachha3f3id.onion locked by another worker, skipping
2025-08-03T02:00:17.022Z INFO [worker-8] [http://darkfailenbsdla5mal2mxn2uz66od5vtzd5qozslagrfzachha3f3id.onion/fbi-ncide] Domain darkfailenbsdla5mal2mxn2uz66od5vtzd5qozslagrfzachha3f3id.onion locked by another worker, skipping
2025-08-03T02:00:17.025Z INFO [worker-8] [http://darkfailenbsdla5mal2mxn2uz66od5vtzd5qozslagrfzachha3f3id.onion/blockchair] Domain darkfailenbsdla5mal2mxn2uz66od5vtzd5qozslagrfzachha3f3id.onion locked by another worker, skipping
2025-08-03T02:04:08.561Z INFO [worker-8]  Worker started
2025-08-03T02:13:23.109Z INFO [worker-8]  Worker shutdown complete
2025-08-03T02:13:25.629Z INFO [worker-8]  Worker started
2025-08-03T02:13:51.425Z INFO [worker-8]  Worker shutdown complete
2025-08-03T02:13:54.093Z INFO [worker-8]  Worker started
2025-08-03T02:13:56.600Z INFO [worker-8]  Worker shutdown complete
2025-08-03T02:13:59.015Z INFO [worker-8]  Worker started
2025-08-03T02:27:39.435Z INFO [worker-8]  Worker started
2025-08-03T02:28:22.031Z INFO [worker-8]  Worker shutdown complete
2025-08-03T02:29:13.083Z INFO [worker-8]  Worker started
2025-08-03T02:29:20.710Z INFO [worker-8]  Worker shutdown complete
2025-08-03T02:30:09.700Z INFO [worker-8]  Worker started
2025-08-03T02:34:27.618Z INFO [worker-8]  Worker started
2025-08-03T02:36:23.355Z INFO [worker-8]  Worker shutdown complete
2025-08-03T02:38:26.907Z INFO [worker-8]  Worker started
2025-08-03T02:40:43.050Z INFO [worker-8]  Worker shutdown complete
2025-08-03T02:43:51.137Z INFO [worker-8]  Worker started
2025-08-03T02:44:08.522Z INFO [worker-8]  Worker shutdown complete
2025-08-03T02:44:22.820Z INFO [worker-8]  Worker started
2025-08-03T02:45:14.000Z INFO [worker-8]  Worker shutdown complete
2025-08-03T02:46:17.874Z INFO [worker-8]  Worker started
2025-08-03T02:46:17.907Z ERROR [worker-8]  Worker batch error ERROR: FOR UPDATE cannot be applied to the nullable side of an outer join
2025-08-03T02:46:21.910Z ERROR [worker-8]  Worker batch error ERROR: FOR UPDATE cannot be applied to the nullable side of an outer join
2025-08-03T02:46:25.911Z ERROR [worker-8]  Worker batch error ERROR: FOR UPDATE cannot be applied to the nullable side of an outer join
2025-08-03T02:46:29.914Z ERROR [worker-8]  Worker batch error ERROR: FOR UPDATE cannot be applied to the nullable side of an outer join
2025-08-03T02:46:33.916Z ERROR [worker-8]  Worker batch error ERROR: FOR UPDATE cannot be applied to the nullable side of an outer join
2025-08-03T02:46:37.919Z ERROR [worker-8]  Worker batch error ERROR: FOR UPDATE cannot be applied to the nullable side of an outer join
2025-08-03T02:46:41.923Z ERROR [worker-8]  Worker batch error ERROR: FOR UPDATE cannot be applied to the nullable side of an outer join
2025-08-03T02:46:45.931Z ERROR [worker-8]  Worker batch error ERROR: FOR UPDATE cannot be applied to the nullable side of an outer join
2025-08-03T02:46:49.934Z ERROR [worker-8]  Worker batch error ERROR: FOR UPDATE cannot be applied to the nullable side of an outer join
2025-08-03T02:46:53.946Z ERROR [worker-8]  Worker batch error ERROR: FOR UPDATE cannot be applied to the nullable side of an outer join
2025-08-03T02:46:57.948Z ERROR [worker-8]  Worker batch error ERROR: FOR UPDATE cannot be applied to the nullable side of an outer join
2025-08-03T02:47:01.949Z ERROR [worker-8]  Worker batch error ERROR: FOR UPDATE cannot be applied to the nullable side of an outer join
2025-08-03T02:47:05.950Z ERROR [worker-8]  Worker batch error ERROR: FOR UPDATE cannot be applied to the nullable side of an outer join
2025-08-03T02:47:09.950Z ERROR [worker-8]  Worker batch error ERROR: FOR UPDATE cannot be applied to the nullable side of an outer join
2025-08-03T02:47:13.952Z ERROR [worker-8]  Worker batch error ERROR: FOR UPDATE cannot be applied to the nullable side of an outer join
2025-08-03T02:47:17.954Z ERROR [worker-8]  Worker batch error ERROR: FOR UPDATE cannot be applied to the nullable side of an outer join
2025-08-03T02:47:21.957Z ERROR [worker-8]  Worker batch error ERROR: FOR UPDATE cannot be applied to the nullable side of an outer join
2025-08-03T02:47:25.958Z ERROR [worker-8]  Worker batch error ERROR: FOR UPDATE cannot be applied to the nullable side of an outer join
2025-08-03T02:47:29.960Z ERROR [worker-8]  Worker batch error ERROR: FOR UPDATE cannot be applied to the nullable side of an outer join
2025-08-03T02:47:33.964Z ERROR [worker-8]  Worker batch error ERROR: FOR UPDATE cannot be applied to the nullable side of an outer join
2025-08-03T02:47:37.969Z ERROR [worker-8]  Worker batch error ERROR: FOR UPDATE cannot be applied to the nullable side of an outer join
2025-08-03T02:47:41.973Z ERROR [worker-8]  Worker batch error ERROR: FOR UPDATE cannot be applied to the nullable side of an outer join
2025-08-03T02:47:45.977Z ERROR [worker-8]  Worker batch error ERROR: FOR UPDATE cannot be applied to the nullable side of an outer join
2025-08-03T02:47:48.984Z INFO [worker-8]  Worker shutdown complete
2025-08-03T02:47:50.766Z INFO [worker-8]  Worker started
2025-08-03T02:49:44.871Z INFO [worker-8]  Worker shutdown complete
2025-08-03T02:51:09.744Z INFO [worker-8]  Worker started
2025-08-03T03:23:31.818Z INFO [worker-8]  Worker shutdown complete
2025-08-03T03:23:35.313Z INFO [worker-8]  Worker started
2025-08-03T03:24:10.083Z INFO [worker-8]  Worker started
2025-08-03T03:24:10.176Z INFO [worker-8]  Worker shutdown complete
2025-08-03T03:53:45.499Z INFO [worker-8]  Worker shutdown complete
2025-08-04T15:56:18.535Z INFO [worker-8]  Worker started
2025-08-04T16:20:11.191Z INFO [worker-8]  Worker shutdown complete
2025-08-04T16:20:38.458Z INFO [worker-8]  Worker started
2025-08-04T17:10:12.394Z INFO [worker-8]  Worker started
2025-08-04T17:10:13.241Z INFO [worker-8]  Worker shutdown complete
2025-08-04T18:12:00.615Z INFO [worker-8]  Worker shutdown complete
2025-08-04T18:12:08.570Z INFO [worker-8]  Worker started
2025-08-05T01:16:57.181Z INFO [worker-8]  Worker shutdown complete
2025-08-05T01:17:04.539Z INFO [worker-8]  Worker started
2025-08-05T22:51:31.477Z INFO [worker-8]  Worker started
2025-08-05T23:29:57.744Z INFO [worker-8]  Worker started
2025-08-06T14:00:53.418Z INFO [worker-8]  Worker shutdown complete
2025-08-06T14:01:38.615Z INFO [worker-8]  Worker started
2025-08-06T14:07:47.262Z INFO [worker-8]  Worker started
2025-08-06T14:09:31.721Z INFO [worker-8]  Worker started
2025-08-06T14:11:56.001Z INFO [worker-8]  Worker shutdown complete
2025-08-06T14:11:57.777Z INFO [worker-8]  Worker started
2025-08-06T15:14:22.067Z INFO [worker-8]  Worker started
2025-08-06T15:15:54.587Z INFO [worker-8]  Worker started
2025-08-06T15:18:14.389Z INFO [worker-8]  Worker shutdown complete
2025-08-06T15:19:20.416Z INFO [worker-8]  Worker started
2025-08-06T15:29:35.734Z INFO [worker-8]  Worker started
2025-08-06T15:31:27.512Z INFO [worker-8]  Worker shutdown complete
2025-08-06T15:34:15.110Z INFO [worker-8]  Worker started
2025-08-06T15:34:15.162Z ERROR [worker-8]  Worker batch error ERROR: column "domain_crawl_count" does not exist
2025-08-06T15:34:32.890Z INFO [worker-8]  Worker started
2025-08-06T15:35:17.510Z INFO [worker-8]  Worker started
2025-08-06T15:37:09.925Z INFO [worker-8]  Worker started
2025-08-06T15:38:13.989Z INFO [worker-8]  Worker started
2025-08-06T15:38:35.630Z INFO [worker-8]  Worker started
2025-08-06T16:02:24.510Z INFO [worker-8]  Worker shutdown complete
2025-08-06T16:02:29.915Z INFO [worker-8]  Worker started
2025-08-06T16:15:48.443Z INFO [worker-8]  Worker started
2025-08-09T03:33:05.195Z INFO [worker-8]  Worker shutdown complete
2025-08-09T03:33:07.205Z ERROR [worker-8]  Worker batch error ERROR: Cannot use a pool after calling end on the pool
2025-08-18T17:15:38.006Z INFO [worker-8]  Worker started
2025-08-18T17:38:33.687Z ERROR [worker-8]  Worker batch error ERROR: could not write to file "base/pgsql_tmp/pgsql_tmp25273.388": No space left on device
2026-01-27T16:38:03.422Z INFO [worker-8]  Worker started
2026-01-27T18:05:35.369Z INFO [worker-8] Worker started
2026-01-27T18:40:51.970Z INFO [worker-8] Worker started
2026-01-27T18:56:32.971Z INFO [worker-8] Worker started
2026-01-27T18:56:44.959Z INFO [worker-8] Worker shutdown complete
2026-01-27T18:56:46.950Z INFO [worker-8] Worker stopped
2026-01-27T18:58:10.516Z INFO [worker-8] Worker started
2026-01-27T18:58:13.859Z INFO [worker-8] Worker shutdown complete
2026-01-27T19:00:08.193Z INFO [worker-8] Worker started
2026-01-27T19:01:08.433Z INFO [worker-8] Worker shutdown complete
2026-01-27T19:22:01.417Z INFO [worker-8] Worker shutdown complete
2026-01-27T19:22:03.413Z INFO [worker-8] Worker stopped
2026-01-27T19:22:38.771Z INFO [worker-8] Worker started
2026-01-28T01:40:00.576Z INFO [worker-8] Worker shutdown complete
