2025-08-03T01:27:50.734Z INFO [worker-2]  Worker started
2025-08-03T01:27:58.785Z INFO [worker-2]  Processing batch of 5 URLs
2025-08-03T01:27:58.786Z INFO [worker-2] [http://darkfailenbsdla5mal2mxn2uz66od5vtzd5qozslagrfzachha3f3id.onion/pornhub] Starting crawl
2025-08-03T01:28:05.984Z ERROR [worker-2] [http://darkfailenbsdla5mal2mxn2uz66od5vtzd5qozslagrfzachha3f3id.onion/pornhub] Crawl failed ERROR: Socks5 proxy rejected connection - Failure
2025-08-03T01:28:07.120Z INFO [worker-2] [http://darkfailenbsdla5mal2mxn2uz66od5vtzd5qozslagrfzachha3f3id.onion/keybase] Starting crawl
2025-08-03T01:28:42.407Z ERROR [worker-2] [http://darkfailenbsdla5mal2mxn2uz66od5vtzd5qozslagrfzachha3f3id.onion/keybase] Crawl failed ERROR: Proxy connection timed out
2025-08-03T01:28:43.792Z INFO [worker-2] [http://darkfailenbsdla5mal2mxn2uz66od5vtzd5qozslagrfzachha3f3id.onion/mullvad] Starting crawl
2025-08-03T01:31:09.300Z INFO [worker-2]  Worker started
2025-08-03T01:33:02.360Z INFO [worker-2]  Worker shutdown complete
2025-08-03T01:35:23.601Z INFO [worker-2]  Worker started
2025-08-03T01:35:23.614Z ERROR [worker-2]  Worker batch error ERROR: FOR UPDATE cannot be applied to the nullable side of an outer join
2025-08-03T01:35:27.620Z ERROR [worker-2]  Worker batch error ERROR: FOR UPDATE cannot be applied to the nullable side of an outer join
2025-08-03T01:35:31.624Z ERROR [worker-2]  Worker batch error ERROR: FOR UPDATE cannot be applied to the nullable side of an outer join
2025-08-03T01:35:35.627Z ERROR [worker-2]  Worker batch error ERROR: FOR UPDATE cannot be applied to the nullable side of an outer join
2025-08-03T01:35:39.631Z ERROR [worker-2]  Worker batch error ERROR: FOR UPDATE cannot be applied to the nullable side of an outer join
2025-08-03T01:35:43.633Z ERROR [worker-2]  Worker batch error ERROR: FOR UPDATE cannot be applied to the nullable side of an outer join
2025-08-03T01:35:47.637Z ERROR [worker-2]  Worker batch error ERROR: FOR UPDATE cannot be applied to the nullable side of an outer join
2025-08-03T01:35:51.642Z ERROR [worker-2]  Worker batch error ERROR: FOR UPDATE cannot be applied to the nullable side of an outer join
2025-08-03T01:35:55.645Z ERROR [worker-2]  Worker batch error ERROR: FOR UPDATE cannot be applied to the nullable side of an outer join
2025-08-03T01:35:59.648Z ERROR [worker-2]  Worker batch error ERROR: FOR UPDATE cannot be applied to the nullable side of an outer join
2025-08-03T01:36:03.656Z ERROR [worker-2]  Worker batch error ERROR: FOR UPDATE cannot be applied to the nullable side of an outer join
2025-08-03T01:36:07.659Z ERROR [worker-2]  Worker batch error ERROR: FOR UPDATE cannot be applied to the nullable side of an outer join
2025-08-03T01:36:11.662Z ERROR [worker-2]  Worker batch error ERROR: FOR UPDATE cannot be applied to the nullable side of an outer join
2025-08-03T01:36:15.666Z ERROR [worker-2]  Worker batch error ERROR: FOR UPDATE cannot be applied to the nullable side of an outer join
2025-08-03T01:36:19.670Z ERROR [worker-2]  Worker batch error ERROR: FOR UPDATE cannot be applied to the nullable side of an outer join
2025-08-03T01:36:23.673Z ERROR [worker-2]  Worker batch error ERROR: FOR UPDATE cannot be applied to the nullable side of an outer join
2025-08-03T01:36:27.677Z ERROR [worker-2]  Worker batch error ERROR: FOR UPDATE cannot be applied to the nullable side of an outer join
2025-08-03T01:36:31.679Z ERROR [worker-2]  Worker batch error ERROR: FOR UPDATE cannot be applied to the nullable side of an outer join
2025-08-03T01:36:35.683Z ERROR [worker-2]  Worker batch error ERROR: FOR UPDATE cannot be applied to the nullable side of an outer join
2025-08-03T01:36:39.687Z ERROR [worker-2]  Worker batch error ERROR: FOR UPDATE cannot be applied to the nullable side of an outer join
2025-08-03T01:36:43.690Z ERROR [worker-2]  Worker batch error ERROR: FOR UPDATE cannot be applied to the nullable side of an outer join
2025-08-03T01:36:47.695Z ERROR [worker-2]  Worker batch error ERROR: FOR UPDATE cannot be applied to the nullable side of an outer join
2025-08-03T01:36:51.701Z ERROR [worker-2]  Worker batch error ERROR: FOR UPDATE cannot be applied to the nullable side of an outer join
2025-08-03T01:37:13.249Z INFO [worker-2]  Worker started
2025-08-03T01:39:32.630Z INFO [worker-2]  Worker started
2025-08-03T01:43:31.103Z INFO [worker-2]  Processing batch of 3 URLs
2025-08-03T01:43:31.131Z INFO [worker-2] [http://darkfailenbsdla5mal2mxn2uz66od5vtzd5qozslagrfzachha3f3id.onion/riseup] Domain darkfailenbsdla5mal2mxn2uz66od5vtzd5qozslagrfzachha3f3id.onion locked by another worker, skipping
2025-08-03T01:43:31.138Z INFO [worker-2] [http://darkfailenbsdla5mal2mxn2uz66od5vtzd5qozslagrfzachha3f3id.onion/pgp] Domain darkfailenbsdla5mal2mxn2uz66od5vtzd5qozslagrfzachha3f3id.onion locked by another worker, skipping
2025-08-03T01:43:31.140Z INFO [worker-2] [http://darkfailenbsdla5mal2mxn2uz66od5vtzd5qozslagrfzachha3f3id.onion/nyt] Domain darkfailenbsdla5mal2mxn2uz66od5vtzd5qozslagrfzachha3f3id.onion locked by another worker, skipping
2025-08-03T01:44:29.063Z INFO [worker-2]  Worker started
2025-08-03T01:46:12.823Z INFO [worker-2]  Worker started
2025-08-03T01:49:17.239Z INFO [worker-2]  Worker started
2025-08-03T01:51:39.309Z INFO [worker-2]  Worker started
2025-08-03T01:51:39.341Z INFO [worker-2]  Processing batch of 1 URLs
2025-08-03T01:51:39.354Z INFO [worker-2] [http://darkfailenbsdla5mal2mxn2uz66od5vtzd5qozslagrfzachha3f3id.onion/] 🔒 Acquired lock for domain: darkfailenbsdla5mal2mxn2uz66od5vtzd5qozslagrfzachha3f3id.onion
2025-08-03T01:51:39.354Z ERROR [worker-2] [http://darkfailenbsdla5mal2mxn2uz66od5vtzd5qozslagrfzachha3f3id.onion/] ❌ Crawl failed for domain: darkfailenbsdla5mal2mxn2uz66od5vtzd5qozslagrfzachha3f3id.onion ERROR: inconsistent types deduced for parameter $2
2025-08-03T01:51:39.356Z ERROR [worker-2]  Worker batch error ERROR: inconsistent types deduced for parameter $2
2025-08-03T01:53:49.022Z INFO [worker-2]  Worker started
2025-08-03T01:55:19.306Z INFO [worker-2]  Worker started
2025-08-03T01:57:37.866Z INFO [worker-2]  Worker started
2025-08-03T02:00:12.971Z INFO [worker-2]  Worker started
2025-08-03T02:00:17.009Z INFO [worker-2]  Processing batch of 3 URLs
2025-08-03T02:00:17.021Z INFO [worker-2] [http://darkfailenbsdla5mal2mxn2uz66od5vtzd5qozslagrfzachha3f3id.onion/mullvad] Domain darkfailenbsdla5mal2mxn2uz66od5vtzd5qozslagrfzachha3f3id.onion locked by another worker, skipping
2025-08-03T02:00:17.024Z INFO [worker-2] [http://darkfailenbsdla5mal2mxn2uz66od5vtzd5qozslagrfzachha3f3id.onion/endchan] Domain darkfailenbsdla5mal2mxn2uz66od5vtzd5qozslagrfzachha3f3id.onion locked by another worker, skipping
2025-08-03T02:00:17.026Z INFO [worker-2] [http://darkfailenbsdla5mal2mxn2uz66od5vtzd5qozslagrfzachha3f3id.onion/xmrguide] Domain darkfailenbsdla5mal2mxn2uz66od5vtzd5qozslagrfzachha3f3id.onion locked by another worker, skipping
2025-08-03T02:01:19.198Z INFO [worker-2]  Processing batch of 2 URLs
2025-08-03T02:01:19.225Z INFO [worker-2] [http://darkfailenbsdla5mal2mxn2uz66od5vtzd5qozslagrfzachha3f3id.onion/pgp] 🔒 Acquired lock for domain: darkfailenbsdla5mal2mxn2uz66od5vtzd5qozslagrfzachha3f3id.onion
2025-08-03T02:01:19.228Z INFO [worker-2] [http://darkfailenbsdla5mal2mxn2uz66od5vtzd5qozslagrfzachha3f3id.onion/pgp] Starting crawl
2025-08-03T02:01:20.317Z INFO [worker-2] [http://darkfailenbsdla5mal2mxn2uz66od5vtzd5qozslagrfzachha3f3id.onion/pgp] Added 3 new URLs to queue
2025-08-03T02:01:20.317Z INFO [worker-2] [http://darkfailenbsdla5mal2mxn2uz66od5vtzd5qozslagrfzachha3f3id.onion/pgp] Crawl completed
2025-08-03T02:01:20.318Z INFO [worker-2] [http://darkfailenbsdla5mal2mxn2uz66od5vtzd5qozslagrfzachha3f3id.onion/pgp] ✅ Successfully crawled domain: darkfailenbsdla5mal2mxn2uz66od5vtzd5qozslagrfzachha3f3id.onion
2025-08-03T02:01:20.319Z INFO [worker-2]  🔓 Released lock for domain: darkfailenbsdla5mal2mxn2uz66od5vtzd5qozslagrfzachha3f3id.onion
2025-08-03T02:04:08.560Z INFO [worker-2]  Worker started
2025-08-03T02:13:23.109Z INFO [worker-2]  Worker shutdown complete
2025-08-03T02:13:25.626Z INFO [worker-2]  Worker started
2025-08-03T02:13:51.424Z INFO [worker-2]  Worker shutdown complete
2025-08-03T02:13:54.091Z INFO [worker-2]  Worker started
2025-08-03T02:13:56.599Z INFO [worker-2]  Worker shutdown complete
2025-08-03T02:13:59.013Z INFO [worker-2]  Worker started
2025-08-03T02:27:39.433Z INFO [worker-2]  Worker started
2025-08-03T02:28:22.029Z INFO [worker-2]  Worker shutdown complete
2025-08-03T02:29:13.081Z INFO [worker-2]  Worker started
2025-08-03T02:29:20.709Z INFO [worker-2]  Worker shutdown complete
2025-08-03T02:30:09.698Z INFO [worker-2]  Worker started
2025-08-03T02:34:27.616Z INFO [worker-2]  Worker started
2025-08-03T02:36:23.354Z INFO [worker-2]  Worker shutdown complete
2025-08-03T02:38:26.905Z INFO [worker-2]  Worker started
2025-08-03T02:40:43.049Z INFO [worker-2]  Worker shutdown complete
2025-08-03T02:43:51.135Z INFO [worker-2]  Worker started
2025-08-03T02:44:08.520Z INFO [worker-2]  Worker shutdown complete
2025-08-03T02:44:22.818Z INFO [worker-2]  Worker started
2025-08-03T02:45:14.000Z INFO [worker-2]  Worker shutdown complete
2025-08-03T02:46:17.871Z INFO [worker-2]  Worker started
2025-08-03T02:46:17.900Z ERROR [worker-2]  Worker batch error ERROR: FOR UPDATE cannot be applied to the nullable side of an outer join
2025-08-03T02:46:21.902Z ERROR [worker-2]  Worker batch error ERROR: FOR UPDATE cannot be applied to the nullable side of an outer join
2025-08-03T02:46:25.905Z ERROR [worker-2]  Worker batch error ERROR: FOR UPDATE cannot be applied to the nullable side of an outer join
2025-08-03T02:46:29.910Z ERROR [worker-2]  Worker batch error ERROR: FOR UPDATE cannot be applied to the nullable side of an outer join
2025-08-03T02:46:33.913Z ERROR [worker-2]  Worker batch error ERROR: FOR UPDATE cannot be applied to the nullable side of an outer join
2025-08-03T02:46:37.917Z ERROR [worker-2]  Worker batch error ERROR: FOR UPDATE cannot be applied to the nullable side of an outer join
2025-08-03T02:46:41.920Z ERROR [worker-2]  Worker batch error ERROR: FOR UPDATE cannot be applied to the nullable side of an outer join
2025-08-03T02:46:45.925Z ERROR [worker-2]  Worker batch error ERROR: FOR UPDATE cannot be applied to the nullable side of an outer join
2025-08-03T02:46:49.928Z ERROR [worker-2]  Worker batch error ERROR: FOR UPDATE cannot be applied to the nullable side of an outer join
2025-08-03T02:46:53.929Z ERROR [worker-2]  Worker batch error ERROR: FOR UPDATE cannot be applied to the nullable side of an outer join
2025-08-03T02:46:57.929Z ERROR [worker-2]  Worker batch error ERROR: FOR UPDATE cannot be applied to the nullable side of an outer join
2025-08-03T02:47:01.931Z ERROR [worker-2]  Worker batch error ERROR: FOR UPDATE cannot be applied to the nullable side of an outer join
2025-08-03T02:47:05.935Z ERROR [worker-2]  Worker batch error ERROR: FOR UPDATE cannot be applied to the nullable side of an outer join
2025-08-03T02:47:09.938Z ERROR [worker-2]  Worker batch error ERROR: FOR UPDATE cannot be applied to the nullable side of an outer join
2025-08-03T02:47:13.942Z ERROR [worker-2]  Worker batch error ERROR: FOR UPDATE cannot be applied to the nullable side of an outer join
2025-08-03T02:47:17.946Z ERROR [worker-2]  Worker batch error ERROR: FOR UPDATE cannot be applied to the nullable side of an outer join
2025-08-03T02:47:21.949Z ERROR [worker-2]  Worker batch error ERROR: FOR UPDATE cannot be applied to the nullable side of an outer join
2025-08-03T02:47:25.953Z ERROR [worker-2]  Worker batch error ERROR: FOR UPDATE cannot be applied to the nullable side of an outer join
2025-08-03T02:47:29.958Z ERROR [worker-2]  Worker batch error ERROR: FOR UPDATE cannot be applied to the nullable side of an outer join
2025-08-03T02:47:33.962Z ERROR [worker-2]  Worker batch error ERROR: FOR UPDATE cannot be applied to the nullable side of an outer join
2025-08-03T02:47:37.966Z ERROR [worker-2]  Worker batch error ERROR: FOR UPDATE cannot be applied to the nullable side of an outer join
2025-08-03T02:47:41.970Z ERROR [worker-2]  Worker batch error ERROR: FOR UPDATE cannot be applied to the nullable side of an outer join
2025-08-03T02:47:45.976Z ERROR [worker-2]  Worker batch error ERROR: FOR UPDATE cannot be applied to the nullable side of an outer join
2025-08-03T02:47:48.983Z INFO [worker-2]  Worker shutdown complete
2025-08-03T02:47:50.764Z INFO [worker-2]  Worker started
2025-08-03T02:49:44.870Z INFO [worker-2]  Worker shutdown complete
2025-08-03T02:51:09.742Z INFO [worker-2]  Worker started
2025-08-03T03:23:31.817Z INFO [worker-2]  Worker shutdown complete
2025-08-03T03:23:35.310Z INFO [worker-2]  Worker started
2025-08-03T03:24:10.081Z INFO [worker-2]  Worker started
2025-08-03T03:24:10.176Z INFO [worker-2]  Worker shutdown complete
2025-08-03T03:53:45.499Z INFO [worker-2]  Worker shutdown complete
2025-08-04T15:56:18.532Z INFO [worker-2]  Worker started
2025-08-04T16:20:11.189Z INFO [worker-2]  Worker shutdown complete
2025-08-04T16:20:38.456Z INFO [worker-2]  Worker started
2025-08-04T17:10:12.392Z INFO [worker-2]  Worker started
2025-08-04T17:10:13.240Z INFO [worker-2]  Worker shutdown complete
2025-08-04T18:12:00.613Z INFO [worker-2]  Worker shutdown complete
2025-08-04T18:12:08.567Z INFO [worker-2]  Worker started
2025-08-05T01:16:57.181Z INFO [worker-2]  Worker shutdown complete
2025-08-05T01:17:04.537Z INFO [worker-2]  Worker started
2025-08-05T22:51:31.475Z INFO [worker-2]  Worker started
2025-08-05T23:29:57.742Z INFO [worker-2]  Worker started
2025-08-06T14:00:53.417Z INFO [worker-2]  Worker shutdown complete
2025-08-06T14:01:38.613Z INFO [worker-2]  Worker started
2025-08-06T14:07:47.259Z INFO [worker-2]  Worker started
2025-08-06T14:09:31.719Z INFO [worker-2]  Worker started
2025-08-06T14:11:56.000Z INFO [worker-2]  Worker shutdown complete
2025-08-06T14:11:57.775Z INFO [worker-2]  Worker started
2025-08-06T15:14:22.065Z INFO [worker-2]  Worker started
2025-08-06T15:15:54.585Z INFO [worker-2]  Worker started
2025-08-06T15:18:14.388Z INFO [worker-2]  Worker shutdown complete
2025-08-06T15:19:20.414Z INFO [worker-2]  Worker started
2025-08-06T15:29:35.732Z INFO [worker-2]  Worker started
2025-08-06T15:31:27.511Z INFO [worker-2]  Worker shutdown complete
2025-08-06T15:34:15.108Z INFO [worker-2]  Worker started
2025-08-06T15:34:15.161Z ERROR [worker-2]  Worker batch error ERROR: column "domain_crawl_count" does not exist
2025-08-06T15:34:32.888Z INFO [worker-2]  Worker started
2025-08-06T15:35:17.507Z INFO [worker-2]  Worker started
2025-08-06T15:37:09.922Z INFO [worker-2]  Worker started
2025-08-06T15:38:13.986Z INFO [worker-2]  Worker started
2025-08-06T15:38:35.626Z INFO [worker-2]  Worker started
2025-08-06T16:02:24.509Z INFO [worker-2]  Worker shutdown complete
2025-08-06T16:02:29.913Z INFO [worker-2]  Worker started
2025-08-06T16:15:44.617Z INFO [worker-2]  Worker shutdown complete
2025-08-06T16:15:48.441Z INFO [worker-2]  Worker started
2025-08-18T17:15:38.004Z INFO [worker-2]  Worker started
2025-08-18T17:38:33.787Z ERROR [worker-2]  Worker batch error ERROR: could not write to file "base/pgsql_tmp/pgsql_tmp26071.60": No space left on device
2026-01-27T16:38:03.420Z INFO [worker-2]  Worker started
2026-01-27T18:05:35.367Z INFO [worker-2] Worker started
2026-01-27T18:40:51.968Z INFO [worker-2] Worker started
2026-01-27T18:56:32.968Z INFO [worker-2] Worker started
2026-01-27T18:56:48.417Z INFO [worker-2] Worker shutdown complete
2026-01-27T18:58:09.797Z INFO [worker-2] Worker shutdown complete
2026-01-27T18:58:10.509Z INFO [worker-2] Worker started
2026-01-27T18:58:11.774Z INFO [worker-2] Worker stopped
2026-01-27T19:00:08.188Z INFO [worker-2] Worker started
2026-01-27T19:01:05.171Z INFO [worker-2] Worker shutdown complete
2026-01-27T19:01:07.167Z INFO [worker-2] Worker stopped
2026-01-27T19:22:14.966Z INFO [worker-2] Worker shutdown complete
2026-01-27T19:22:16.959Z INFO [worker-2] Worker stopped
2026-01-27T19:22:38.769Z INFO [worker-2] Worker started
2026-01-28T01:40:00.576Z INFO [worker-2] Worker shutdown complete
