2025-08-03T01:27:50.734Z INFO [worker-3]  Worker started
2025-08-03T01:27:50.763Z INFO [worker-3]  Processing batch of 2 URLs
2025-08-03T01:27:50.764Z INFO [worker-3] [http://abcdefg2345672345672345672345672345672345672345672345672.onion/page2] Starting crawl
2025-08-03T01:27:53.788Z ERROR [worker-3] [http://abcdefg2345672345672345672345672345672345672345672345672.onion/page2] Crawl failed ERROR: Socks5 proxy rejected connection - Failure
2025-08-03T01:27:54.641Z INFO [worker-3] [http://darkfailenbsdla5mal2mxn2uz66od5vtzd5qozslagrfzachha3f3id.onion/] Starting crawl
2025-08-03T01:27:58.650Z INFO [worker-3] [http://darkfailenbsdla5mal2mxn2uz66od5vtzd5qozslagrfzachha3f3id.onion/] Added 37 new URLs to queue
2025-08-03T01:27:58.651Z INFO [worker-3] [http://darkfailenbsdla5mal2mxn2uz66od5vtzd5qozslagrfzachha3f3id.onion/] Crawl completed
2025-08-03T01:31:09.301Z INFO [worker-3]  Worker started
2025-08-03T01:33:02.360Z INFO [worker-3]  Worker shutdown complete
2025-08-03T01:35:23.601Z INFO [worker-3]  Worker started
2025-08-03T01:35:23.614Z ERROR [worker-3]  Worker batch error ERROR: FOR UPDATE cannot be applied to the nullable side of an outer join
2025-08-03T01:35:27.622Z ERROR [worker-3]  Worker batch error ERROR: FOR UPDATE cannot be applied to the nullable side of an outer join
2025-08-03T01:35:31.626Z ERROR [worker-3]  Worker batch error ERROR: FOR UPDATE cannot be applied to the nullable side of an outer join
2025-08-03T01:35:35.629Z ERROR [worker-3]  Worker batch error ERROR: FOR UPDATE cannot be applied to the nullable side of an outer join
2025-08-03T01:35:39.631Z ERROR [worker-3]  Worker batch error ERROR: FOR UPDATE cannot be applied to the nullable side of an outer join
2025-08-03T01:35:43.634Z ERROR [worker-3]  Worker batch error ERROR: FOR UPDATE cannot be applied to the nullable side of an outer join
2025-08-03T01:35:47.637Z ERROR [worker-3]  Worker batch error ERROR: FOR UPDATE cannot be applied to the nullable side of an outer join
2025-08-03T01:35:51.644Z ERROR [worker-3]  Worker batch error ERROR: FOR UPDATE cannot be applied to the nullable side of an outer join
2025-08-03T01:35:55.646Z ERROR [worker-3]  Worker batch error ERROR: FOR UPDATE cannot be applied to the nullable side of an outer join
2025-08-03T01:35:59.650Z ERROR [worker-3]  Worker batch error ERROR: FOR UPDATE cannot be applied to the nullable side of an outer join
2025-08-03T01:36:03.657Z ERROR [worker-3]  Worker batch error ERROR: FOR UPDATE cannot be applied to the nullable side of an outer join
2025-08-03T01:36:07.660Z ERROR [worker-3]  Worker batch error ERROR: FOR UPDATE cannot be applied to the nullable side of an outer join
2025-08-03T01:36:11.663Z ERROR [worker-3]  Worker batch error ERROR: FOR UPDATE cannot be applied to the nullable side of an outer join
2025-08-03T01:36:15.666Z ERROR [worker-3]  Worker batch error ERROR: FOR UPDATE cannot be applied to the nullable side of an outer join
2025-08-03T01:36:19.671Z ERROR [worker-3]  Worker batch error ERROR: FOR UPDATE cannot be applied to the nullable side of an outer join
2025-08-03T01:36:23.675Z ERROR [worker-3]  Worker batch error ERROR: FOR UPDATE cannot be applied to the nullable side of an outer join
2025-08-03T01:36:27.681Z ERROR [worker-3]  Worker batch error ERROR: FOR UPDATE cannot be applied to the nullable side of an outer join
2025-08-03T01:36:31.686Z ERROR [worker-3]  Worker batch error ERROR: FOR UPDATE cannot be applied to the nullable side of an outer join
2025-08-03T01:36:35.687Z ERROR [worker-3]  Worker batch error ERROR: FOR UPDATE cannot be applied to the nullable side of an outer join
2025-08-03T01:36:39.689Z ERROR [worker-3]  Worker batch error ERROR: FOR UPDATE cannot be applied to the nullable side of an outer join
2025-08-03T01:36:43.693Z ERROR [worker-3]  Worker batch error ERROR: FOR UPDATE cannot be applied to the nullable side of an outer join
2025-08-03T01:36:47.697Z ERROR [worker-3]  Worker batch error ERROR: FOR UPDATE cannot be applied to the nullable side of an outer join
2025-08-03T01:36:51.702Z ERROR [worker-3]  Worker batch error ERROR: FOR UPDATE cannot be applied to the nullable side of an outer join
2025-08-03T01:37:13.249Z INFO [worker-3]  Worker started
2025-08-03T01:39:32.630Z INFO [worker-3]  Worker started
2025-08-03T01:43:31.096Z INFO [worker-3]  Processing batch of 3 URLs
2025-08-03T01:43:31.131Z INFO [worker-3] [http://darkfailenbsdla5mal2mxn2uz66od5vtzd5qozslagrfzachha3f3id.onion/privacy] Domain darkfailenbsdla5mal2mxn2uz66od5vtzd5qozslagrfzachha3f3id.onion locked by another worker, skipping
2025-08-03T01:43:31.138Z INFO [worker-3] [http://darkfailenbsdla5mal2mxn2uz66od5vtzd5qozslagrfzachha3f3id.onion/dread] Domain darkfailenbsdla5mal2mxn2uz66od5vtzd5qozslagrfzachha3f3id.onion locked by another worker, skipping
2025-08-03T01:43:31.140Z INFO [worker-3] [http://darkfailenbsdla5mal2mxn2uz66od5vtzd5qozslagrfzachha3f3id.onion/terms] Domain darkfailenbsdla5mal2mxn2uz66od5vtzd5qozslagrfzachha3f3id.onion locked by another worker, skipping
2025-08-03T01:44:29.063Z INFO [worker-3]  Worker started
2025-08-03T01:46:12.823Z INFO [worker-3]  Worker started
2025-08-03T01:49:17.239Z INFO [worker-3]  Worker started
2025-08-03T01:51:39.309Z INFO [worker-3]  Worker started
2025-08-03T01:53:49.023Z INFO [worker-3]  Worker started
2025-08-03T01:55:19.306Z INFO [worker-3]  Worker started
2025-08-03T01:57:37.867Z INFO [worker-3]  Worker started
2025-08-03T02:00:12.972Z INFO [worker-3]  Worker started
2025-08-03T02:00:17.004Z INFO [worker-3]  Processing batch of 3 URLs
2025-08-03T02:00:17.009Z INFO [worker-3] [http://darkfailenbsdla5mal2mxn2uz66od5vtzd5qozslagrfzachha3f3id.onion/archive] Domain darkfailenbsdla5mal2mxn2uz66od5vtzd5qozslagrfzachha3f3id.onion locked by another worker, skipping
2025-08-03T02:00:17.022Z INFO [worker-3] [http://darkfailenbsdla5mal2mxn2uz66od5vtzd5qozslagrfzachha3f3id.onion/0xacab] Domain darkfailenbsdla5mal2mxn2uz66od5vtzd5qozslagrfzachha3f3id.onion locked by another worker, skipping
2025-08-03T02:00:17.025Z INFO [worker-3] [http://darkfailenbsdla5mal2mxn2uz66od5vtzd5qozslagrfzachha3f3id.onion/drughub] Domain darkfailenbsdla5mal2mxn2uz66od5vtzd5qozslagrfzachha3f3id.onion locked by another worker, skipping
2025-08-03T02:01:17.120Z INFO [worker-3]  Processing batch of 1 URLs
2025-08-03T02:01:17.127Z INFO [worker-3] [http://darkfailenbsdla5mal2mxn2uz66od5vtzd5qozslagrfzachha3f3id.onion/recon] 🔒 Acquired lock for domain: darkfailenbsdla5mal2mxn2uz66od5vtzd5qozslagrfzachha3f3id.onion
2025-08-03T02:01:17.129Z INFO [worker-3] [http://darkfailenbsdla5mal2mxn2uz66od5vtzd5qozslagrfzachha3f3id.onion/recon] Starting crawl
2025-08-03T02:01:18.205Z INFO [worker-3] [http://darkfailenbsdla5mal2mxn2uz66od5vtzd5qozslagrfzachha3f3id.onion/recon] Added 2 new URLs to queue
2025-08-03T02:01:18.206Z INFO [worker-3] [http://darkfailenbsdla5mal2mxn2uz66od5vtzd5qozslagrfzachha3f3id.onion/recon] Crawl completed
2025-08-03T02:01:18.206Z INFO [worker-3] [http://darkfailenbsdla5mal2mxn2uz66od5vtzd5qozslagrfzachha3f3id.onion/recon] ✅ Successfully crawled domain: darkfailenbsdla5mal2mxn2uz66od5vtzd5qozslagrfzachha3f3id.onion
2025-08-03T02:01:18.208Z INFO [worker-3]  🔓 Released lock for domain: darkfailenbsdla5mal2mxn2uz66od5vtzd5qozslagrfzachha3f3id.onion
2025-08-03T02:01:21.199Z INFO [worker-3]  Processing batch of 1 URLs
2025-08-03T02:01:21.202Z INFO [worker-3] [http://darkfailenbsdla5mal2mxn2uz66od5vtzd5qozslagrfzachha3f3id.onion/spec/omg.txt] 🔒 Acquired lock for domain: darkfailenbsdla5mal2mxn2uz66od5vtzd5qozslagrfzachha3f3id.onion
2025-08-03T02:01:21.204Z ERROR [worker-3] [http://darkfailenbsdla5mal2mxn2uz66od5vtzd5qozslagrfzachha3f3id.onion/spec/omg.txt] ❌ Crawl failed for domain: darkfailenbsdla5mal2mxn2uz66od5vtzd5qozslagrfzachha3f3id.onion ERROR: inconsistent types deduced for parameter $2
2025-08-03T02:01:21.209Z ERROR [worker-3]  Worker batch error ERROR: inconsistent types deduced for parameter $2
2025-08-03T02:04:08.560Z INFO [worker-3]  Worker started
2025-08-03T02:13:23.109Z INFO [worker-3]  Worker shutdown complete
2025-08-03T02:13:25.626Z INFO [worker-3]  Worker started
2025-08-03T02:13:51.424Z INFO [worker-3]  Worker shutdown complete
2025-08-03T02:13:54.091Z INFO [worker-3]  Worker started
2025-08-03T02:13:56.599Z INFO [worker-3]  Worker shutdown complete
2025-08-03T02:13:59.013Z INFO [worker-3]  Worker started
2025-08-03T02:27:39.433Z INFO [worker-3]  Worker started
2025-08-03T02:28:22.030Z INFO [worker-3]  Worker shutdown complete
2025-08-03T02:29:13.081Z INFO [worker-3]  Worker started
2025-08-03T02:29:20.709Z INFO [worker-3]  Worker shutdown complete
2025-08-03T02:30:09.698Z INFO [worker-3]  Worker started
2025-08-03T02:34:27.616Z INFO [worker-3]  Worker started
2025-08-03T02:36:23.354Z INFO [worker-3]  Worker shutdown complete
2025-08-03T02:38:26.905Z INFO [worker-3]  Worker started
2025-08-03T02:40:43.049Z INFO [worker-3]  Worker shutdown complete
2025-08-03T02:43:51.135Z INFO [worker-3]  Worker started
2025-08-03T02:44:08.520Z INFO [worker-3]  Worker shutdown complete
2025-08-03T02:44:22.819Z INFO [worker-3]  Worker started
2025-08-03T02:45:14.000Z INFO [worker-3]  Worker shutdown complete
2025-08-03T02:46:17.872Z INFO [worker-3]  Worker started
2025-08-03T02:46:17.900Z ERROR [worker-3]  Worker batch error ERROR: FOR UPDATE cannot be applied to the nullable side of an outer join
2025-08-03T02:46:21.904Z ERROR [worker-3]  Worker batch error ERROR: FOR UPDATE cannot be applied to the nullable side of an outer join
2025-08-03T02:46:25.905Z ERROR [worker-3]  Worker batch error ERROR: FOR UPDATE cannot be applied to the nullable side of an outer join
2025-08-03T02:46:29.909Z ERROR [worker-3]  Worker batch error ERROR: FOR UPDATE cannot be applied to the nullable side of an outer join
2025-08-03T02:46:33.912Z ERROR [worker-3]  Worker batch error ERROR: FOR UPDATE cannot be applied to the nullable side of an outer join
2025-08-03T02:46:37.914Z ERROR [worker-3]  Worker batch error ERROR: FOR UPDATE cannot be applied to the nullable side of an outer join
2025-08-03T02:46:41.917Z ERROR [worker-3]  Worker batch error ERROR: FOR UPDATE cannot be applied to the nullable side of an outer join
2025-08-03T02:46:45.919Z ERROR [worker-3]  Worker batch error ERROR: FOR UPDATE cannot be applied to the nullable side of an outer join
2025-08-03T02:46:49.922Z ERROR [worker-3]  Worker batch error ERROR: FOR UPDATE cannot be applied to the nullable side of an outer join
2025-08-03T02:46:53.923Z ERROR [worker-3]  Worker batch error ERROR: FOR UPDATE cannot be applied to the nullable side of an outer join
2025-08-03T02:46:57.925Z ERROR [worker-3]  Worker batch error ERROR: FOR UPDATE cannot be applied to the nullable side of an outer join
2025-08-03T02:47:01.928Z ERROR [worker-3]  Worker batch error ERROR: FOR UPDATE cannot be applied to the nullable side of an outer join
2025-08-03T02:47:05.933Z ERROR [worker-3]  Worker batch error ERROR: FOR UPDATE cannot be applied to the nullable side of an outer join
2025-08-03T02:47:09.937Z ERROR [worker-3]  Worker batch error ERROR: FOR UPDATE cannot be applied to the nullable side of an outer join
2025-08-03T02:47:13.940Z ERROR [worker-3]  Worker batch error ERROR: FOR UPDATE cannot be applied to the nullable side of an outer join
2025-08-03T02:47:17.944Z ERROR [worker-3]  Worker batch error ERROR: FOR UPDATE cannot be applied to the nullable side of an outer join
2025-08-03T02:47:21.950Z ERROR [worker-3]  Worker batch error ERROR: FOR UPDATE cannot be applied to the nullable side of an outer join
2025-08-03T02:47:25.953Z ERROR [worker-3]  Worker batch error ERROR: FOR UPDATE cannot be applied to the nullable side of an outer join
2025-08-03T02:47:29.958Z ERROR [worker-3]  Worker batch error ERROR: FOR UPDATE cannot be applied to the nullable side of an outer join
2025-08-03T02:47:33.962Z ERROR [worker-3]  Worker batch error ERROR: FOR UPDATE cannot be applied to the nullable side of an outer join
2025-08-03T02:47:37.968Z ERROR [worker-3]  Worker batch error ERROR: FOR UPDATE cannot be applied to the nullable side of an outer join
2025-08-03T02:47:41.971Z ERROR [worker-3]  Worker batch error ERROR: FOR UPDATE cannot be applied to the nullable side of an outer join
2025-08-03T02:47:45.975Z ERROR [worker-3]  Worker batch error ERROR: FOR UPDATE cannot be applied to the nullable side of an outer join
2025-08-03T02:47:48.984Z INFO [worker-3]  Worker shutdown complete
2025-08-03T02:47:50.764Z INFO [worker-3]  Worker started
2025-08-03T02:49:44.871Z INFO [worker-3]  Worker shutdown complete
2025-08-03T02:51:09.742Z INFO [worker-3]  Worker started
2025-08-03T03:23:31.817Z INFO [worker-3]  Worker shutdown complete
2025-08-03T03:23:35.311Z INFO [worker-3]  Worker started
2025-08-03T03:24:10.081Z INFO [worker-3]  Worker started
2025-08-03T03:24:10.173Z INFO [worker-3]  Worker shutdown complete
2025-08-03T03:53:45.499Z INFO [worker-3]  Worker shutdown complete
2025-08-04T15:56:18.533Z INFO [worker-3]  Worker started
2025-08-04T16:20:11.190Z INFO [worker-3]  Worker shutdown complete
2025-08-04T16:20:38.457Z INFO [worker-3]  Worker started
2025-08-04T17:10:12.392Z INFO [worker-3]  Worker started
2025-08-04T17:10:13.240Z INFO [worker-3]  Worker shutdown complete
2025-08-04T18:12:00.613Z INFO [worker-3]  Worker shutdown complete
2025-08-04T18:12:08.567Z INFO [worker-3]  Worker started
2025-08-05T01:16:57.181Z INFO [worker-3]  Worker shutdown complete
2025-08-05T01:17:04.538Z INFO [worker-3]  Worker started
2025-08-05T22:51:31.476Z INFO [worker-3]  Worker started
2025-08-05T23:29:57.743Z INFO [worker-3]  Worker started
2025-08-06T14:00:53.418Z INFO [worker-3]  Worker shutdown complete
2025-08-06T14:01:38.613Z INFO [worker-3]  Worker started
2025-08-06T14:07:47.260Z INFO [worker-3]  Worker started
2025-08-06T14:09:31.719Z INFO [worker-3]  Worker started
2025-08-06T14:11:56.000Z INFO [worker-3]  Worker shutdown complete
2025-08-06T14:11:57.775Z INFO [worker-3]  Worker started
2025-08-06T15:14:22.066Z INFO [worker-3]  Worker started
2025-08-06T15:15:54.585Z INFO [worker-3]  Worker started
2025-08-06T15:18:14.389Z INFO [worker-3]  Worker shutdown complete
2025-08-06T15:19:20.414Z INFO [worker-3]  Worker started
2025-08-06T15:29:35.732Z INFO [worker-3]  Worker started
2025-08-06T15:31:27.511Z INFO [worker-3]  Worker shutdown complete
2025-08-06T15:34:15.108Z INFO [worker-3]  Worker started
2025-08-06T15:34:15.160Z ERROR [worker-3]  Worker batch error ERROR: column "domain_crawl_count" does not exist
2025-08-06T15:34:32.888Z INFO [worker-3]  Worker started
2025-08-06T15:35:17.508Z INFO [worker-3]  Worker started
2025-08-06T15:37:09.923Z INFO [worker-3]  Worker started
2025-08-06T15:38:13.987Z INFO [worker-3]  Worker started
2025-08-06T15:38:35.626Z INFO [worker-3]  Worker started
2025-08-06T16:02:24.510Z INFO [worker-3]  Worker shutdown complete
2025-08-06T16:02:29.913Z INFO [worker-3]  Worker started
2025-08-06T16:15:44.617Z INFO [worker-3]  Worker shutdown complete
2025-08-06T16:15:48.441Z INFO [worker-3]  Worker started
2025-08-09T03:33:05.195Z INFO [worker-3]  Worker shutdown complete
2025-08-18T17:15:38.005Z INFO [worker-3]  Worker started
2025-08-18T17:38:33.633Z ERROR [worker-3]  Worker batch error ERROR: could not write to file "base/pgsql_tmp/pgsql_tmp26110.30": No space left on device
2026-01-27T16:38:03.420Z INFO [worker-3]  Worker started
2026-01-27T18:05:35.367Z INFO [worker-3] Worker started
2026-01-27T18:40:51.968Z INFO [worker-3] Worker started
2026-01-27T18:56:32.969Z INFO [worker-3] Worker started
2026-01-27T18:56:44.790Z INFO [worker-3] Worker shutdown complete
2026-01-27T18:56:46.784Z INFO [worker-3] Worker stopped
2026-01-27T18:58:10.510Z INFO [worker-3] Worker started
2026-01-27T18:58:13.941Z INFO [worker-3] Worker shutdown complete
2026-01-27T19:00:08.189Z INFO [worker-3] Worker started
2026-01-27T19:01:02.615Z INFO [worker-3] Worker shutdown complete
2026-01-27T19:01:04.590Z INFO [worker-3] Worker stopped
2026-01-27T19:21:52.402Z INFO [worker-3] Worker shutdown complete
2026-01-27T19:21:54.950Z ERROR [worker-3] Worker batch error ERROR: Cannot use a pool after calling end on the pool
2026-01-27T19:21:58.951Z INFO [worker-3] Worker stopped
2026-01-27T19:22:38.770Z INFO [worker-3] Worker started
2026-01-28T01:40:18.805Z INFO [worker-3] Worker shutdown complete
